2015-05-18 14:03:35 772 行 [2] filemtime(): stat failed for Home/T_c/8b44386ed9cbbbc17c64970884cd9b9798eb37ca.file.head.html.php 在文件 /var/www/html/Speek/Lib/Tpl/sysplugins/smarty_resource.php 中
2015-05-18 14:03:35 772 行 [2] filemtime(): stat failed for Home/T_c/846cd262b3c79b50ed660e4f039c4d79acdbd9e0.file.IndexLogin.html.php 在文件 /var/www/html/Speek/Lib/Tpl/sysplugins/smarty_resource.php 中
2015-05-18 14:03:35 772 行 [2] filemtime(): stat failed for Home/T_c/da1a55b0aa168e0551f8e727bd29f4112e48f4ed.file.footer.html.php 在文件 /var/www/html/Speek/Lib/Tpl/sysplugins/smarty_resource.php 中
2015-05-18 14:13:01 772 行 [2] filemtime(): stat failed for Home/T_c/838213093583421b5232cf3cded8e4ab9e60a461.file.IndexIndex.html.php 在文件 /var/www/html/Speek/Lib/Tpl/sysplugins/smarty_resource.php 中
2015-05-18 14:13:01 42 行 [8] Undefined index: search 在文件 /var/www/html/Speek/Lib/Tpl/sysplugins/smarty_internal_templatebase.php(157) : eval()'d code 中
2015-05-18 14:13:01 42 行 [8] Trying to get property of non-object 在文件 /var/www/html/Speek/Lib/Tpl/sysplugins/smarty_internal_templatebase.php(157) : eval()'d code 中
2015-05-18 14:13:01 59 行 [8] Undefined index: showdrow 在文件 /var/www/html/Speek/Lib/Tpl/sysplugins/smarty_internal_templatebase.php(157) : eval()'d code 中
2015-05-18 14:13:01 59 行 [8] Trying to get property of non-object 在文件 /var/www/html/Speek/Lib/Tpl/sysplugins/smarty_internal_templatebase.php(157) : eval()'d code 中
2015-05-18 14:13:01 89 行 [8] Undefined index: drow 在文件 /var/www/html/Speek/Lib/Tpl/sysplugins/smarty_internal_templatebase.php(157) : eval()'d code 中
2015-05-18 14:13:01 89 行 [8] Trying to get property of non-object 在文件 /var/www/html/Speek/Lib/Tpl/sysplugins/smarty_internal_templatebase.php(157) : eval()'d code 中
2015-05-18 14:13:10 772 行 [2] filemtime(): stat failed for Home/T_c/382a3c3f3c2e645c1051699cbfc446a13121555d.file.IndexView.html.php 在文件 /var/www/html/Speek/Lib/Tpl/sysplugins/smarty_resource.php 中
2015-05-18 14:13:10 112 行 [8] Undefined index: kprow 在文件 /var/www/html/Speek/Lib/Tpl/sysplugins/smarty_internal_templatebase.php(157) : eval()'d code 中
2015-05-18 14:13:10 112 行 [8] Trying to get property of non-object 在文件 /var/www/html/Speek/Lib/Tpl/sysplugins/smarty_internal_templatebase.php(157) : eval()'d code 中
2015-05-18 14:13:10 132 行 [8] Undefined index: skrow 在文件 /var/www/html/Speek/Lib/Tpl/sysplugins/smarty_internal_templatebase.php(157) : eval()'d code 中
2015-05-18 14:13:10 132 行 [8] Trying to get property of non-object 在文件 /var/www/html/Speek/Lib/Tpl/sysplugins/smarty_internal_templatebase.php(157) : eval()'d code 中
2015-05-18 14:13:14 42 行 [8] Undefined index: search 在文件 /var/www/html/xmtables/Home/T_c/838213093583421b5232cf3cded8e4ab9e60a461.file.IndexIndex.html.php 中
2015-05-18 14:13:14 42 行 [8] Trying to get property of non-object 在文件 /var/www/html/xmtables/Home/T_c/838213093583421b5232cf3cded8e4ab9e60a461.file.IndexIndex.html.php 中
2015-05-18 14:13:14 59 行 [8] Undefined index: showdrow 在文件 /var/www/html/xmtables/Home/T_c/838213093583421b5232cf3cded8e4ab9e60a461.file.IndexIndex.html.php 中
2015-05-18 14:13:14 59 行 [8] Trying to get property of non-object 在文件 /var/www/html/xmtables/Home/T_c/838213093583421b5232cf3cded8e4ab9e60a461.file.IndexIndex.html.php 中
2015-05-18 14:13:14 89 行 [8] Undefined index: drow 在文件 /var/www/html/xmtables/Home/T_c/838213093583421b5232cf3cded8e4ab9e60a461.file.IndexIndex.html.php 中
2015-05-18 14:13:14 89 行 [8] Trying to get property of non-object 在文件 /var/www/html/xmtables/Home/T_c/838213093583421b5232cf3cded8e4ab9e60a461.file.IndexIndex.html.php 中
2015-05-18 14:13:19 112 行 [8] Undefined index: kprow 在文件 /var/www/html/xmtables/Home/T_c/382a3c3f3c2e645c1051699cbfc446a13121555d.file.IndexView.html.php 中
2015-05-18 14:13:19 112 行 [8] Trying to get property of non-object 在文件 /var/www/html/xmtables/Home/T_c/382a3c3f3c2e645c1051699cbfc446a13121555d.file.IndexView.html.php 中
2015-05-18 14:13:19 132 行 [8] Undefined index: skrow 在文件 /var/www/html/xmtables/Home/T_c/382a3c3f3c2e645c1051699cbfc446a13121555d.file.IndexView.html.php 中
2015-05-18 14:13:19 132 行 [8] Trying to get property of non-object 在文件 /var/www/html/xmtables/Home/T_c/382a3c3f3c2e645c1051699cbfc446a13121555d.file.IndexView.html.php 中
2015-05-18 14:13:21 42 行 [8] Undefined index: search 在文件 /var/www/html/xmtables/Home/T_c/838213093583421b5232cf3cded8e4ab9e60a461.file.IndexIndex.html.php 中
2015-05-18 14:13:21 42 行 [8] Trying to get property of non-object 在文件 /var/www/html/xmtables/Home/T_c/838213093583421b5232cf3cded8e4ab9e60a461.file.IndexIndex.html.php 中
2015-05-18 14:13:21 59 行 [8] Undefined index: showdrow 在文件 /var/www/html/xmtables/Home/T_c/838213093583421b5232cf3cded8e4ab9e60a461.file.IndexIndex.html.php 中
2015-05-18 14:13:21 59 行 [8] Trying to get property of non-object 在文件 /var/www/html/xmtables/Home/T_c/838213093583421b5232cf3cded8e4ab9e60a461.file.IndexIndex.html.php 中
2015-05-18 14:13:21 89 行 [8] Undefined index: drow 在文件 /var/www/html/xmtables/Home/T_c/838213093583421b5232cf3cded8e4ab9e60a461.file.IndexIndex.html.php 中
2015-05-18 14:13:21 89 行 [8] Trying to get property of non-object 在文件 /var/www/html/xmtables/Home/T_c/838213093583421b5232cf3cded8e4ab9e60a461.file.IndexIndex.html.php 中
2015-05-18 14:13:33 112 行 [8] Undefined index: kprow 在文件 /var/www/html/xmtables/Home/T_c/382a3c3f3c2e645c1051699cbfc446a13121555d.file.IndexView.html.php 中
2015-05-18 14:13:33 112 行 [8] Trying to get property of non-object 在文件 /var/www/html/xmtables/Home/T_c/382a3c3f3c2e645c1051699cbfc446a13121555d.file.IndexView.html.php 中
2015-05-18 14:13:33 132 行 [8] Undefined index: skrow 在文件 /var/www/html/xmtables/Home/T_c/382a3c3f3c2e645c1051699cbfc446a13121555d.file.IndexView.html.php 中
2015-05-18 14:13:33 132 行 [8] Trying to get property of non-object 在文件 /var/www/html/xmtables/Home/T_c/382a3c3f3c2e645c1051699cbfc446a13121555d.file.IndexView.html.php 中
2015-05-18 14:14:05 42 行 [8] Undefined index: search 在文件 /var/www/html/xmtables/Home/T_c/838213093583421b5232cf3cded8e4ab9e60a461.file.IndexIndex.html.php 中
2015-05-18 14:14:05 42 行 [8] Trying to get property of non-object 在文件 /var/www/html/xmtables/Home/T_c/838213093583421b5232cf3cded8e4ab9e60a461.file.IndexIndex.html.php 中
2015-05-18 14:14:05 59 行 [8] Undefined index: showdrow 在文件 /var/www/html/xmtables/Home/T_c/838213093583421b5232cf3cded8e4ab9e60a461.file.IndexIndex.html.php 中
2015-05-18 14:14:05 59 行 [8] Trying to get property of non-object 在文件 /var/www/html/xmtables/Home/T_c/838213093583421b5232cf3cded8e4ab9e60a461.file.IndexIndex.html.php 中
2015-05-18 14:14:05 89 行 [8] Undefined index: drow 在文件 /var/www/html/xmtables/Home/T_c/838213093583421b5232cf3cded8e4ab9e60a461.file.IndexIndex.html.php 中
2015-05-18 14:14:05 89 行 [8] Trying to get property of non-object 在文件 /var/www/html/xmtables/Home/T_c/838213093583421b5232cf3cded8e4ab9e60a461.file.IndexIndex.html.php 中
2015-05-18 14:14:07 112 行 [8] Undefined index: kprow 在文件 /var/www/html/xmtables/Home/T_c/382a3c3f3c2e645c1051699cbfc446a13121555d.file.IndexView.html.php 中
2015-05-18 14:14:07 112 行 [8] Trying to get property of non-object 在文件 /var/www/html/xmtables/Home/T_c/382a3c3f3c2e645c1051699cbfc446a13121555d.file.IndexView.html.php 中
2015-05-18 14:14:07 132 行 [8] Undefined index: skrow 在文件 /var/www/html/xmtables/Home/T_c/382a3c3f3c2e645c1051699cbfc446a13121555d.file.IndexView.html.php 中
2015-05-18 14:14:07 132 行 [8] Trying to get property of non-object 在文件 /var/www/html/xmtables/Home/T_c/382a3c3f3c2e645c1051699cbfc446a13121555d.file.IndexView.html.php 中
2015-05-18 14:14:09 42 行 [8] Undefined index: search 在文件 /var/www/html/xmtables/Home/T_c/838213093583421b5232cf3cded8e4ab9e60a461.file.IndexIndex.html.php 中
2015-05-18 14:14:09 42 行 [8] Trying to get property of non-object 在文件 /var/www/html/xmtables/Home/T_c/838213093583421b5232cf3cded8e4ab9e60a461.file.IndexIndex.html.php 中
2015-05-18 14:14:09 59 行 [8] Undefined index: showdrow 在文件 /var/www/html/xmtables/Home/T_c/838213093583421b5232cf3cded8e4ab9e60a461.file.IndexIndex.html.php 中
2015-05-18 14:14:09 59 行 [8] Trying to get property of non-object 在文件 /var/www/html/xmtables/Home/T_c/838213093583421b5232cf3cded8e4ab9e60a461.file.IndexIndex.html.php 中
2015-05-18 14:14:09 89 行 [8] Undefined index: drow 在文件 /var/www/html/xmtables/Home/T_c/838213093583421b5232cf3cded8e4ab9e60a461.file.IndexIndex.html.php 中
2015-05-18 14:14:09 89 行 [8] Trying to get property of non-object 在文件 /var/www/html/xmtables/Home/T_c/838213093583421b5232cf3cded8e4ab9e60a461.file.IndexIndex.html.php 中
2015-05-18 14:14:10 112 行 [8] Undefined index: kprow 在文件 /var/www/html/xmtables/Home/T_c/382a3c3f3c2e645c1051699cbfc446a13121555d.file.IndexView.html.php 中
2015-05-18 14:14:10 112 行 [8] Trying to get property of non-object 在文件 /var/www/html/xmtables/Home/T_c/382a3c3f3c2e645c1051699cbfc446a13121555d.file.IndexView.html.php 中
2015-05-18 14:14:10 132 行 [8] Undefined index: skrow 在文件 /var/www/html/xmtables/Home/T_c/382a3c3f3c2e645c1051699cbfc446a13121555d.file.IndexView.html.php 中
2015-05-18 14:14:10 132 行 [8] Trying to get property of non-object 在文件 /var/www/html/xmtables/Home/T_c/382a3c3f3c2e645c1051699cbfc446a13121555d.file.IndexView.html.php 中
2015-05-18 14:14:11 42 行 [8] Undefined index: search 在文件 /var/www/html/xmtables/Home/T_c/838213093583421b5232cf3cded8e4ab9e60a461.file.IndexIndex.html.php 中
2015-05-18 14:14:11 42 行 [8] Trying to get property of non-object 在文件 /var/www/html/xmtables/Home/T_c/838213093583421b5232cf3cded8e4ab9e60a461.file.IndexIndex.html.php 中
2015-05-18 14:14:11 59 行 [8] Undefined index: showdrow 在文件 /var/www/html/xmtables/Home/T_c/838213093583421b5232cf3cded8e4ab9e60a461.file.IndexIndex.html.php 中
2015-05-18 14:14:11 59 行 [8] Trying to get property of non-object 在文件 /var/www/html/xmtables/Home/T_c/838213093583421b5232cf3cded8e4ab9e60a461.file.IndexIndex.html.php 中
2015-05-18 14:14:11 89 行 [8] Undefined index: drow 在文件 /var/www/html/xmtables/Home/T_c/838213093583421b5232cf3cded8e4ab9e60a461.file.IndexIndex.html.php 中
2015-05-18 14:14:11 89 行 [8] Trying to get property of non-object 在文件 /var/www/html/xmtables/Home/T_c/838213093583421b5232cf3cded8e4ab9e60a461.file.IndexIndex.html.php 中
2015-05-18 14:14:15 42 行 [8] Undefined index: search 在文件 /var/www/html/xmtables/Home/T_c/838213093583421b5232cf3cded8e4ab9e60a461.file.IndexIndex.html.php 中
2015-05-18 14:14:15 42 行 [8] Trying to get property of non-object 在文件 /var/www/html/xmtables/Home/T_c/838213093583421b5232cf3cded8e4ab9e60a461.file.IndexIndex.html.php 中
2015-05-18 14:14:15 59 行 [8] Undefined index: showdrow 在文件 /var/www/html/xmtables/Home/T_c/838213093583421b5232cf3cded8e4ab9e60a461.file.IndexIndex.html.php 中
2015-05-18 14:14:15 59 行 [8] Trying to get property of non-object 在文件 /var/www/html/xmtables/Home/T_c/838213093583421b5232cf3cded8e4ab9e60a461.file.IndexIndex.html.php 中
2015-05-18 14:14:15 89 行 [8] Undefined index: drow 在文件 /var/www/html/xmtables/Home/T_c/838213093583421b5232cf3cded8e4ab9e60a461.file.IndexIndex.html.php 中
2015-05-18 14:14:15 89 行 [8] Trying to get property of non-object 在文件 /var/www/html/xmtables/Home/T_c/838213093583421b5232cf3cded8e4ab9e60a461.file.IndexIndex.html.php 中
2015-05-18 14:15:13 42 行 [8] Undefined index: search 在文件 /var/www/html/xmtables/Home/T_c/838213093583421b5232cf3cded8e4ab9e60a461.file.IndexIndex.html.php 中
2015-05-18 14:15:13 42 行 [8] Trying to get property of non-object 在文件 /var/www/html/xmtables/Home/T_c/838213093583421b5232cf3cded8e4ab9e60a461.file.IndexIndex.html.php 中
2015-05-18 14:15:13 59 行 [8] Undefined index: showdrow 在文件 /var/www/html/xmtables/Home/T_c/838213093583421b5232cf3cded8e4ab9e60a461.file.IndexIndex.html.php 中
2015-05-18 14:15:13 59 行 [8] Trying to get property of non-object 在文件 /var/www/html/xmtables/Home/T_c/838213093583421b5232cf3cded8e4ab9e60a461.file.IndexIndex.html.php 中
2015-05-18 14:15:13 82 行 [8] Undefined index: addht 在文件 /var/www/html/xmtables/Home/T_c/838213093583421b5232cf3cded8e4ab9e60a461.file.IndexIndex.html.php 中
2015-05-18 14:15:13 82 行 [8] Trying to get property of non-object 在文件 /var/www/html/xmtables/Home/T_c/838213093583421b5232cf3cded8e4ab9e60a461.file.IndexIndex.html.php 中
2015-05-18 14:15:13 89 行 [8] Undefined index: drow 在文件 /var/www/html/xmtables/Home/T_c/838213093583421b5232cf3cded8e4ab9e60a461.file.IndexIndex.html.php 中
2015-05-18 14:15:13 89 行 [8] Trying to get property of non-object 在文件 /var/www/html/xmtables/Home/T_c/838213093583421b5232cf3cded8e4ab9e60a461.file.IndexIndex.html.php 中
2015-05-18 14:15:16 42 行 [8] Undefined index: search 在文件 /var/www/html/xmtables/Home/T_c/838213093583421b5232cf3cded8e4ab9e60a461.file.IndexIndex.html.php 中
2015-05-18 14:15:16 42 行 [8] Trying to get property of non-object 在文件 /var/www/html/xmtables/Home/T_c/838213093583421b5232cf3cded8e4ab9e60a461.file.IndexIndex.html.php 中
2015-05-18 14:15:16 59 行 [8] Undefined index: showdrow 在文件 /var/www/html/xmtables/Home/T_c/838213093583421b5232cf3cded8e4ab9e60a461.file.IndexIndex.html.php 中
2015-05-18 14:15:16 59 行 [8] Trying to get property of non-object 在文件 /var/www/html/xmtables/Home/T_c/838213093583421b5232cf3cded8e4ab9e60a461.file.IndexIndex.html.php 中
2015-05-18 14:15:16 82 行 [8] Undefined index: addht 在文件 /var/www/html/xmtables/Home/T_c/838213093583421b5232cf3cded8e4ab9e60a461.file.IndexIndex.html.php 中
2015-05-18 14:15:16 82 行 [8] Trying to get property of non-object 在文件 /var/www/html/xmtables/Home/T_c/838213093583421b5232cf3cded8e4ab9e60a461.file.IndexIndex.html.php 中
2015-05-18 14:15:16 89 行 [8] Undefined index: drow 在文件 /var/www/html/xmtables/Home/T_c/838213093583421b5232cf3cded8e4ab9e60a461.file.IndexIndex.html.php 中
2015-05-18 14:15:16 89 行 [8] Trying to get property of non-object 在文件 /var/www/html/xmtables/Home/T_c/838213093583421b5232cf3cded8e4ab9e60a461.file.IndexIndex.html.php 中
2015-05-18 14:15:16 42 行 [8] Undefined index: search 在文件 /var/www/html/xmtables/Home/T_c/838213093583421b5232cf3cded8e4ab9e60a461.file.IndexIndex.html.php 中
2015-05-18 14:15:16 42 行 [8] Trying to get property of non-object 在文件 /var/www/html/xmtables/Home/T_c/838213093583421b5232cf3cded8e4ab9e60a461.file.IndexIndex.html.php 中
2015-05-18 14:15:16 59 行 [8] Undefined index: showdrow 在文件 /var/www/html/xmtables/Home/T_c/838213093583421b5232cf3cded8e4ab9e60a461.file.IndexIndex.html.php 中
2015-05-18 14:15:16 59 行 [8] Trying to get property of non-object 在文件 /var/www/html/xmtables/Home/T_c/838213093583421b5232cf3cded8e4ab9e60a461.file.IndexIndex.html.php 中
2015-05-18 14:15:16 82 行 [8] Undefined index: addht 在文件 /var/www/html/xmtables/Home/T_c/838213093583421b5232cf3cded8e4ab9e60a461.file.IndexIndex.html.php 中
2015-05-18 14:15:16 82 行 [8] Trying to get property of non-object 在文件 /var/www/html/xmtables/Home/T_c/838213093583421b5232cf3cded8e4ab9e60a461.file.IndexIndex.html.php 中
2015-05-18 14:15:16 89 行 [8] Undefined index: drow 在文件 /var/www/html/xmtables/Home/T_c/838213093583421b5232cf3cded8e4ab9e60a461.file.IndexIndex.html.php 中
2015-05-18 14:15:16 89 行 [8] Trying to get property of non-object 在文件 /var/www/html/xmtables/Home/T_c/838213093583421b5232cf3cded8e4ab9e60a461.file.IndexIndex.html.php 中
2015-05-18 14:15:27 42 行 [8] Undefined index: search 在文件 /var/www/html/xmtables/Home/T_c/838213093583421b5232cf3cded8e4ab9e60a461.file.IndexIndex.html.php 中
2015-05-18 14:15:27 42 行 [8] Trying to get property of non-object 在文件 /var/www/html/xmtables/Home/T_c/838213093583421b5232cf3cded8e4ab9e60a461.file.IndexIndex.html.php 中
2015-05-18 14:15:27 59 行 [8] Undefined index: showdrow 在文件 /var/www/html/xmtables/Home/T_c/838213093583421b5232cf3cded8e4ab9e60a461.file.IndexIndex.html.php 中
2015-05-18 14:15:27 59 行 [8] Trying to get property of non-object 在文件 /var/www/html/xmtables/Home/T_c/838213093583421b5232cf3cded8e4ab9e60a461.file.IndexIndex.html.php 中
2015-05-18 14:15:27 82 行 [8] Undefined index: addht 在文件 /var/www/html/xmtables/Home/T_c/838213093583421b5232cf3cded8e4ab9e60a461.file.IndexIndex.html.php 中
2015-05-18 14:15:27 82 行 [8] Trying to get property of non-object 在文件 /var/www/html/xmtables/Home/T_c/838213093583421b5232cf3cded8e4ab9e60a461.file.IndexIndex.html.php 中
2015-05-18 14:15:27 89 行 [8] Undefined index: drow 在文件 /var/www/html/xmtables/Home/T_c/838213093583421b5232cf3cded8e4ab9e60a461.file.IndexIndex.html.php 中
2015-05-18 14:15:27 89 行 [8] Trying to get property of non-object 在文件 /var/www/html/xmtables/Home/T_c/838213093583421b5232cf3cded8e4ab9e60a461.file.IndexIndex.html.php 中
2015-05-18 14:15:48 112 行 [8] Undefined index: kprow 在文件 /var/www/html/xmtables/Home/T_c/382a3c3f3c2e645c1051699cbfc446a13121555d.file.IndexView.html.php 中
2015-05-18 14:15:48 112 行 [8] Trying to get property of non-object 在文件 /var/www/html/xmtables/Home/T_c/382a3c3f3c2e645c1051699cbfc446a13121555d.file.IndexView.html.php 中
2015-05-18 14:15:48 132 行 [8] Undefined index: skrow 在文件 /var/www/html/xmtables/Home/T_c/382a3c3f3c2e645c1051699cbfc446a13121555d.file.IndexView.html.php 中
2015-05-18 14:15:48 132 行 [8] Trying to get property of non-object 在文件 /var/www/html/xmtables/Home/T_c/382a3c3f3c2e645c1051699cbfc446a13121555d.file.IndexView.html.php 中
2015-05-18 14:16:02 42 行 [8] Undefined index: search 在文件 /var/www/html/xmtables/Home/T_c/838213093583421b5232cf3cded8e4ab9e60a461.file.IndexIndex.html.php 中
2015-05-18 14:16:02 42 行 [8] Trying to get property of non-object 在文件 /var/www/html/xmtables/Home/T_c/838213093583421b5232cf3cded8e4ab9e60a461.file.IndexIndex.html.php 中
2015-05-18 14:16:02 59 行 [8] Undefined index: showdrow 在文件 /var/www/html/xmtables/Home/T_c/838213093583421b5232cf3cded8e4ab9e60a461.file.IndexIndex.html.php 中
2015-05-18 14:16:02 59 行 [8] Trying to get property of non-object 在文件 /var/www/html/xmtables/Home/T_c/838213093583421b5232cf3cded8e4ab9e60a461.file.IndexIndex.html.php 中
2015-05-18 14:16:02 82 行 [8] Undefined index: addht 在文件 /var/www/html/xmtables/Home/T_c/838213093583421b5232cf3cded8e4ab9e60a461.file.IndexIndex.html.php 中
2015-05-18 14:16:02 82 行 [8] Trying to get property of non-object 在文件 /var/www/html/xmtables/Home/T_c/838213093583421b5232cf3cded8e4ab9e60a461.file.IndexIndex.html.php 中
2015-05-18 14:16:02 89 行 [8] Undefined index: drow 在文件 /var/www/html/xmtables/Home/T_c/838213093583421b5232cf3cded8e4ab9e60a461.file.IndexIndex.html.php 中
2015-05-18 14:16:02 89 行 [8] Trying to get property of non-object 在文件 /var/www/html/xmtables/Home/T_c/838213093583421b5232cf3cded8e4ab9e60a461.file.IndexIndex.html.php 中
2015-05-18 14:16:05 42 行 [8] Undefined index: search 在文件 /var/www/html/xmtables/Home/T_c/838213093583421b5232cf3cded8e4ab9e60a461.file.IndexIndex.html.php 中
2015-05-18 14:16:05 42 行 [8] Trying to get property of non-object 在文件 /var/www/html/xmtables/Home/T_c/838213093583421b5232cf3cded8e4ab9e60a461.file.IndexIndex.html.php 中
2015-05-18 14:16:05 59 行 [8] Undefined index: showdrow 在文件 /var/www/html/xmtables/Home/T_c/838213093583421b5232cf3cded8e4ab9e60a461.file.IndexIndex.html.php 中
2015-05-18 14:16:05 59 行 [8] Trying to get property of non-object 在文件 /var/www/html/xmtables/Home/T_c/838213093583421b5232cf3cded8e4ab9e60a461.file.IndexIndex.html.php 中
2015-05-18 14:16:05 82 行 [8] Undefined index: addht 在文件 /var/www/html/xmtables/Home/T_c/838213093583421b5232cf3cded8e4ab9e60a461.file.IndexIndex.html.php 中
2015-05-18 14:16:05 82 行 [8] Trying to get property of non-object 在文件 /var/www/html/xmtables/Home/T_c/838213093583421b5232cf3cded8e4ab9e60a461.file.IndexIndex.html.php 中
2015-05-18 14:16:05 89 行 [8] Undefined index: drow 在文件 /var/www/html/xmtables/Home/T_c/838213093583421b5232cf3cded8e4ab9e60a461.file.IndexIndex.html.php 中
2015-05-18 14:16:05 89 行 [8] Trying to get property of non-object 在文件 /var/www/html/xmtables/Home/T_c/838213093583421b5232cf3cded8e4ab9e60a461.file.IndexIndex.html.php 中
2015-05-18 14:18:45 42 行 [8] Undefined index: search 在文件 /var/www/html/Speek/Lib/Tpl/sysplugins/smarty_internal_templatebase.php(171) : eval()'d code 中
2015-05-18 14:18:45 42 行 [8] Trying to get property of non-object 在文件 /var/www/html/Speek/Lib/Tpl/sysplugins/smarty_internal_templatebase.php(171) : eval()'d code 中
2015-05-18 14:18:45 59 行 [8] Undefined index: showdrow 在文件 /var/www/html/Speek/Lib/Tpl/sysplugins/smarty_internal_templatebase.php(171) : eval()'d code 中
2015-05-18 14:18:45 59 行 [8] Trying to get property of non-object 在文件 /var/www/html/Speek/Lib/Tpl/sysplugins/smarty_internal_templatebase.php(171) : eval()'d code 中
2015-05-18 14:18:45 82 行 [8] Undefined index: addht 在文件 /var/www/html/Speek/Lib/Tpl/sysplugins/smarty_internal_templatebase.php(171) : eval()'d code 中
2015-05-18 14:18:45 82 行 [8] Trying to get property of non-object 在文件 /var/www/html/Speek/Lib/Tpl/sysplugins/smarty_internal_templatebase.php(171) : eval()'d code 中
2015-05-18 14:18:45 89 行 [8] Undefined index: drow 在文件 /var/www/html/Speek/Lib/Tpl/sysplugins/smarty_internal_templatebase.php(171) : eval()'d code 中
2015-05-18 14:18:45 89 行 [8] Trying to get property of non-object 在文件 /var/www/html/Speek/Lib/Tpl/sysplugins/smarty_internal_templatebase.php(171) : eval()'d code 中
2015-05-18 14:18:46 42 行 [8] Undefined index: search 在文件 /var/www/html/xmtables/Home/T_c/838213093583421b5232cf3cded8e4ab9e60a461.file.IndexIndex.html.php 中
2015-05-18 14:18:46 42 行 [8] Trying to get property of non-object 在文件 /var/www/html/xmtables/Home/T_c/838213093583421b5232cf3cded8e4ab9e60a461.file.IndexIndex.html.php 中
2015-05-18 14:18:46 59 行 [8] Undefined index: showdrow 在文件 /var/www/html/xmtables/Home/T_c/838213093583421b5232cf3cded8e4ab9e60a461.file.IndexIndex.html.php 中
2015-05-18 14:18:46 59 行 [8] Trying to get property of non-object 在文件 /var/www/html/xmtables/Home/T_c/838213093583421b5232cf3cded8e4ab9e60a461.file.IndexIndex.html.php 中
2015-05-18 14:18:46 82 行 [8] Undefined index: addht 在文件 /var/www/html/xmtables/Home/T_c/838213093583421b5232cf3cded8e4ab9e60a461.file.IndexIndex.html.php 中
2015-05-18 14:18:46 82 行 [8] Trying to get property of non-object 在文件 /var/www/html/xmtables/Home/T_c/838213093583421b5232cf3cded8e4ab9e60a461.file.IndexIndex.html.php 中
2015-05-18 14:18:46 89 行 [8] Undefined index: drow 在文件 /var/www/html/xmtables/Home/T_c/838213093583421b5232cf3cded8e4ab9e60a461.file.IndexIndex.html.php 中
2015-05-18 14:18:46 89 行 [8] Trying to get property of non-object 在文件 /var/www/html/xmtables/Home/T_c/838213093583421b5232cf3cded8e4ab9e60a461.file.IndexIndex.html.php 中
2015-05-18 14:18:46 42 行 [8] Undefined index: search 在文件 /var/www/html/xmtables/Home/T_c/838213093583421b5232cf3cded8e4ab9e60a461.file.IndexIndex.html.php 中
2015-05-18 14:18:46 42 行 [8] Trying to get property of non-object 在文件 /var/www/html/xmtables/Home/T_c/838213093583421b5232cf3cded8e4ab9e60a461.file.IndexIndex.html.php 中
2015-05-18 14:18:46 59 行 [8] Undefined index: showdrow 在文件 /var/www/html/xmtables/Home/T_c/838213093583421b5232cf3cded8e4ab9e60a461.file.IndexIndex.html.php 中
2015-05-18 14:18:46 59 行 [8] Trying to get property of non-object 在文件 /var/www/html/xmtables/Home/T_c/838213093583421b5232cf3cded8e4ab9e60a461.file.IndexIndex.html.php 中
2015-05-18 14:18:46 82 行 [8] Undefined index: addht 在文件 /var/www/html/xmtables/Home/T_c/838213093583421b5232cf3cded8e4ab9e60a461.file.IndexIndex.html.php 中
2015-05-18 14:18:46 82 行 [8] Trying to get property of non-object 在文件 /var/www/html/xmtables/Home/T_c/838213093583421b5232cf3cded8e4ab9e60a461.file.IndexIndex.html.php 中
2015-05-18 14:18:46 89 行 [8] Undefined index: drow 在文件 /var/www/html/xmtables/Home/T_c/838213093583421b5232cf3cded8e4ab9e60a461.file.IndexIndex.html.php 中
2015-05-18 14:18:46 89 行 [8] Trying to get property of non-object 在文件 /var/www/html/xmtables/Home/T_c/838213093583421b5232cf3cded8e4ab9e60a461.file.IndexIndex.html.php 中
2015-05-18 14:18:46 42 行 [8] Undefined index: search 在文件 /var/www/html/xmtables/Home/T_c/838213093583421b5232cf3cded8e4ab9e60a461.file.IndexIndex.html.php 中
2015-05-18 14:18:46 42 行 [8] Trying to get property of non-object 在文件 /var/www/html/xmtables/Home/T_c/838213093583421b5232cf3cded8e4ab9e60a461.file.IndexIndex.html.php 中
2015-05-18 14:18:46 59 行 [8] Undefined index: showdrow 在文件 /var/www/html/xmtables/Home/T_c/838213093583421b5232cf3cded8e4ab9e60a461.file.IndexIndex.html.php 中
2015-05-18 14:18:46 59 行 [8] Trying to get property of non-object 在文件 /var/www/html/xmtables/Home/T_c/838213093583421b5232cf3cded8e4ab9e60a461.file.IndexIndex.html.php 中
2015-05-18 14:18:46 82 行 [8] Undefined index: addht 在文件 /var/www/html/xmtables/Home/T_c/838213093583421b5232cf3cded8e4ab9e60a461.file.IndexIndex.html.php 中
2015-05-18 14:18:46 82 行 [8] Trying to get property of non-object 在文件 /var/www/html/xmtables/Home/T_c/838213093583421b5232cf3cded8e4ab9e60a461.file.IndexIndex.html.php 中
2015-05-18 14:18:46 89 行 [8] Undefined index: drow 在文件 /var/www/html/xmtables/Home/T_c/838213093583421b5232cf3cded8e4ab9e60a461.file.IndexIndex.html.php 中
2015-05-18 14:18:46 89 行 [8] Trying to get property of non-object 在文件 /var/www/html/xmtables/Home/T_c/838213093583421b5232cf3cded8e4ab9e60a461.file.IndexIndex.html.php 中
2015-05-18 14:19:10 42 行 [8] Undefined index: search 在文件 /var/www/html/Speek/Lib/Tpl/sysplugins/smarty_internal_templatebase.php(171) : eval()'d code 中
2015-05-18 14:19:10 42 行 [8] Trying to get property of non-object 在文件 /var/www/html/Speek/Lib/Tpl/sysplugins/smarty_internal_templatebase.php(171) : eval()'d code 中
2015-05-18 14:19:10 59 行 [8] Undefined index: showdrow 在文件 /var/www/html/Speek/Lib/Tpl/sysplugins/smarty_internal_templatebase.php(171) : eval()'d code 中
2015-05-18 14:19:10 59 行 [8] Trying to get property of non-object 在文件 /var/www/html/Speek/Lib/Tpl/sysplugins/smarty_internal_templatebase.php(171) : eval()'d code 中
2015-05-18 14:19:10 82 行 [8] Undefined index: addht 在文件 /var/www/html/Speek/Lib/Tpl/sysplugins/smarty_internal_templatebase.php(171) : eval()'d code 中
2015-05-18 14:19:10 82 行 [8] Trying to get property of non-object 在文件 /var/www/html/Speek/Lib/Tpl/sysplugins/smarty_internal_templatebase.php(171) : eval()'d code 中
2015-05-18 14:19:10 89 行 [8] Undefined index: drow 在文件 /var/www/html/Speek/Lib/Tpl/sysplugins/smarty_internal_templatebase.php(171) : eval()'d code 中
2015-05-18 14:19:10 89 行 [8] Trying to get property of non-object 在文件 /var/www/html/Speek/Lib/Tpl/sysplugins/smarty_internal_templatebase.php(171) : eval()'d code 中
2015-05-18 14:19:11 42 行 [8] Undefined index: search 在文件 /var/www/html/xmtables/Home/T_c/838213093583421b5232cf3cded8e4ab9e60a461.file.IndexIndex.html.php 中
2015-05-18 14:19:11 42 行 [8] Trying to get property of non-object 在文件 /var/www/html/xmtables/Home/T_c/838213093583421b5232cf3cded8e4ab9e60a461.file.IndexIndex.html.php 中
2015-05-18 14:19:11 59 行 [8] Undefined index: showdrow 在文件 /var/www/html/xmtables/Home/T_c/838213093583421b5232cf3cded8e4ab9e60a461.file.IndexIndex.html.php 中
2015-05-18 14:19:11 59 行 [8] Trying to get property of non-object 在文件 /var/www/html/xmtables/Home/T_c/838213093583421b5232cf3cded8e4ab9e60a461.file.IndexIndex.html.php 中
2015-05-18 14:19:11 82 行 [8] Undefined index: addht 在文件 /var/www/html/xmtables/Home/T_c/838213093583421b5232cf3cded8e4ab9e60a461.file.IndexIndex.html.php 中
2015-05-18 14:19:11 82 行 [8] Trying to get property of non-object 在文件 /var/www/html/xmtables/Home/T_c/838213093583421b5232cf3cded8e4ab9e60a461.file.IndexIndex.html.php 中
2015-05-18 14:19:11 89 行 [8] Undefined index: drow 在文件 /var/www/html/xmtables/Home/T_c/838213093583421b5232cf3cded8e4ab9e60a461.file.IndexIndex.html.php 中
2015-05-18 14:19:11 89 行 [8] Trying to get property of non-object 在文件 /var/www/html/xmtables/Home/T_c/838213093583421b5232cf3cded8e4ab9e60a461.file.IndexIndex.html.php 中
2015-05-18 14:19:55 42 行 [8] Undefined index: search 在文件 /var/www/html/Speek/Lib/Tpl/sysplugins/smarty_internal_templatebase.php(171) : eval()'d code 中
2015-05-18 14:19:55 42 行 [8] Trying to get property of non-object 在文件 /var/www/html/Speek/Lib/Tpl/sysplugins/smarty_internal_templatebase.php(171) : eval()'d code 中
2015-05-18 14:19:55 59 行 [8] Undefined index: showdrow 在文件 /var/www/html/Speek/Lib/Tpl/sysplugins/smarty_internal_templatebase.php(171) : eval()'d code 中
2015-05-18 14:19:55 59 行 [8] Trying to get property of non-object 在文件 /var/www/html/Speek/Lib/Tpl/sysplugins/smarty_internal_templatebase.php(171) : eval()'d code 中
2015-05-18 14:19:55 82 行 [8] Undefined index: addht 在文件 /var/www/html/Speek/Lib/Tpl/sysplugins/smarty_internal_templatebase.php(171) : eval()'d code 中
2015-05-18 14:19:55 82 行 [8] Trying to get property of non-object 在文件 /var/www/html/Speek/Lib/Tpl/sysplugins/smarty_internal_templatebase.php(171) : eval()'d code 中
2015-05-18 14:19:55 89 行 [8] Undefined index: drow 在文件 /var/www/html/Speek/Lib/Tpl/sysplugins/smarty_internal_templatebase.php(171) : eval()'d code 中
2015-05-18 14:19:55 89 行 [8] Trying to get property of non-object 在文件 /var/www/html/Speek/Lib/Tpl/sysplugins/smarty_internal_templatebase.php(171) : eval()'d code 中
2015-05-18 14:19:56 42 行 [8] Undefined index: search 在文件 /var/www/html/xmtables/Home/T_c/838213093583421b5232cf3cded8e4ab9e60a461.file.IndexIndex.html.php 中
2015-05-18 14:19:56 42 行 [8] Trying to get property of non-object 在文件 /var/www/html/xmtables/Home/T_c/838213093583421b5232cf3cded8e4ab9e60a461.file.IndexIndex.html.php 中
2015-05-18 14:19:56 59 行 [8] Undefined index: showdrow 在文件 /var/www/html/xmtables/Home/T_c/838213093583421b5232cf3cded8e4ab9e60a461.file.IndexIndex.html.php 中
2015-05-18 14:19:56 59 行 [8] Trying to get property of non-object 在文件 /var/www/html/xmtables/Home/T_c/838213093583421b5232cf3cded8e4ab9e60a461.file.IndexIndex.html.php 中
2015-05-18 14:19:56 82 行 [8] Undefined index: addht 在文件 /var/www/html/xmtables/Home/T_c/838213093583421b5232cf3cded8e4ab9e60a461.file.IndexIndex.html.php 中
2015-05-18 14:19:56 82 行 [8] Trying to get property of non-object 在文件 /var/www/html/xmtables/Home/T_c/838213093583421b5232cf3cded8e4ab9e60a461.file.IndexIndex.html.php 中
2015-05-18 14:19:56 89 行 [8] Undefined index: drow 在文件 /var/www/html/xmtables/Home/T_c/838213093583421b5232cf3cded8e4ab9e60a461.file.IndexIndex.html.php 中
2015-05-18 14:19:56 89 行 [8] Trying to get property of non-object 在文件 /var/www/html/xmtables/Home/T_c/838213093583421b5232cf3cded8e4ab9e60a461.file.IndexIndex.html.php 中
2015-05-18 14:19:56 42 行 [8] Undefined index: search 在文件 /var/www/html/xmtables/Home/T_c/838213093583421b5232cf3cded8e4ab9e60a461.file.IndexIndex.html.php 中
2015-05-18 14:19:56 42 行 [8] Trying to get property of non-object 在文件 /var/www/html/xmtables/Home/T_c/838213093583421b5232cf3cded8e4ab9e60a461.file.IndexIndex.html.php 中
2015-05-18 14:19:56 59 行 [8] Undefined index: showdrow 在文件 /var/www/html/xmtables/Home/T_c/838213093583421b5232cf3cded8e4ab9e60a461.file.IndexIndex.html.php 中
2015-05-18 14:19:56 59 行 [8] Trying to get property of non-object 在文件 /var/www/html/xmtables/Home/T_c/838213093583421b5232cf3cded8e4ab9e60a461.file.IndexIndex.html.php 中
2015-05-18 14:19:56 82 行 [8] Undefined index: addht 在文件 /var/www/html/xmtables/Home/T_c/838213093583421b5232cf3cded8e4ab9e60a461.file.IndexIndex.html.php 中
2015-05-18 14:19:56 82 行 [8] Trying to get property of non-object 在文件 /var/www/html/xmtables/Home/T_c/838213093583421b5232cf3cded8e4ab9e60a461.file.IndexIndex.html.php 中
2015-05-18 14:19:56 89 行 [8] Undefined index: drow 在文件 /var/www/html/xmtables/Home/T_c/838213093583421b5232cf3cded8e4ab9e60a461.file.IndexIndex.html.php 中
2015-05-18 14:19:56 89 行 [8] Trying to get property of non-object 在文件 /var/www/html/xmtables/Home/T_c/838213093583421b5232cf3cded8e4ab9e60a461.file.IndexIndex.html.php 中
2015-05-18 14:22:35 43 行 [8] Undefined index: search 在文件 /var/www/html/Speek/Lib/Tpl/sysplugins/smarty_internal_templatebase.php(171) : eval()'d code 中
2015-05-18 14:22:35 43 行 [8] Trying to get property of non-object 在文件 /var/www/html/Speek/Lib/Tpl/sysplugins/smarty_internal_templatebase.php(171) : eval()'d code 中
2015-05-18 14:22:35 61 行 [8] Undefined index: showdrow 在文件 /var/www/html/Speek/Lib/Tpl/sysplugins/smarty_internal_templatebase.php(171) : eval()'d code 中
2015-05-18 14:22:35 61 行 [8] Trying to get property of non-object 在文件 /var/www/html/Speek/Lib/Tpl/sysplugins/smarty_internal_templatebase.php(171) : eval()'d code 中
2015-05-18 14:22:35 84 行 [8] Undefined index: addht 在文件 /var/www/html/Speek/Lib/Tpl/sysplugins/smarty_internal_templatebase.php(171) : eval()'d code 中
2015-05-18 14:22:35 84 行 [8] Trying to get property of non-object 在文件 /var/www/html/Speek/Lib/Tpl/sysplugins/smarty_internal_templatebase.php(171) : eval()'d code 中
2015-05-18 14:22:35 91 行 [8] Undefined index: drow 在文件 /var/www/html/Speek/Lib/Tpl/sysplugins/smarty_internal_templatebase.php(171) : eval()'d code 中
2015-05-18 14:22:35 91 行 [8] Trying to get property of non-object 在文件 /var/www/html/Speek/Lib/Tpl/sysplugins/smarty_internal_templatebase.php(171) : eval()'d code 中
2015-05-18 14:22:36 43 行 [8] Undefined index: search 在文件 /var/www/html/xmtables/Home/T_c/838213093583421b5232cf3cded8e4ab9e60a461.file.IndexIndex.html.php 中
2015-05-18 14:22:36 43 行 [8] Trying to get property of non-object 在文件 /var/www/html/xmtables/Home/T_c/838213093583421b5232cf3cded8e4ab9e60a461.file.IndexIndex.html.php 中
2015-05-18 14:22:36 61 行 [8] Undefined index: showdrow 在文件 /var/www/html/xmtables/Home/T_c/838213093583421b5232cf3cded8e4ab9e60a461.file.IndexIndex.html.php 中
2015-05-18 14:22:36 61 行 [8] Trying to get property of non-object 在文件 /var/www/html/xmtables/Home/T_c/838213093583421b5232cf3cded8e4ab9e60a461.file.IndexIndex.html.php 中
2015-05-18 14:22:36 84 行 [8] Undefined index: addht 在文件 /var/www/html/xmtables/Home/T_c/838213093583421b5232cf3cded8e4ab9e60a461.file.IndexIndex.html.php 中
2015-05-18 14:22:36 84 行 [8] Trying to get property of non-object 在文件 /var/www/html/xmtables/Home/T_c/838213093583421b5232cf3cded8e4ab9e60a461.file.IndexIndex.html.php 中
2015-05-18 14:22:36 91 行 [8] Undefined index: drow 在文件 /var/www/html/xmtables/Home/T_c/838213093583421b5232cf3cded8e4ab9e60a461.file.IndexIndex.html.php 中
2015-05-18 14:22:36 91 行 [8] Trying to get property of non-object 在文件 /var/www/html/xmtables/Home/T_c/838213093583421b5232cf3cded8e4ab9e60a461.file.IndexIndex.html.php 中
2015-05-18 14:25:50 43 行 [8] Undefined index: search 在文件 /var/www/html/Speek/Lib/Tpl/sysplugins/smarty_internal_templatebase.php(171) : eval()'d code 中
2015-05-18 14:25:50 43 行 [8] Trying to get property of non-object 在文件 /var/www/html/Speek/Lib/Tpl/sysplugins/smarty_internal_templatebase.php(171) : eval()'d code 中
2015-05-18 14:25:50 61 行 [8] Undefined index: showdrow 在文件 /var/www/html/Speek/Lib/Tpl/sysplugins/smarty_internal_templatebase.php(171) : eval()'d code 中
2015-05-18 14:25:50 61 行 [8] Trying to get property of non-object 在文件 /var/www/html/Speek/Lib/Tpl/sysplugins/smarty_internal_templatebase.php(171) : eval()'d code 中
2015-05-18 14:25:50 84 行 [8] Undefined index: addht 在文件 /var/www/html/Speek/Lib/Tpl/sysplugins/smarty_internal_templatebase.php(171) : eval()'d code 中
2015-05-18 14:25:50 84 行 [8] Trying to get property of non-object 在文件 /var/www/html/Speek/Lib/Tpl/sysplugins/smarty_internal_templatebase.php(171) : eval()'d code 中
2015-05-18 14:25:50 91 行 [8] Undefined index: drow 在文件 /var/www/html/Speek/Lib/Tpl/sysplugins/smarty_internal_templatebase.php(171) : eval()'d code 中
2015-05-18 14:25:50 91 行 [8] Trying to get property of non-object 在文件 /var/www/html/Speek/Lib/Tpl/sysplugins/smarty_internal_templatebase.php(171) : eval()'d code 中
2015-05-18 14:25:50 43 行 [8] Undefined index: search 在文件 /var/www/html/xmtables/Home/T_c/838213093583421b5232cf3cded8e4ab9e60a461.file.IndexIndex.html.php 中
2015-05-18 14:25:50 43 行 [8] Trying to get property of non-object 在文件 /var/www/html/xmtables/Home/T_c/838213093583421b5232cf3cded8e4ab9e60a461.file.IndexIndex.html.php 中
2015-05-18 14:25:50 61 行 [8] Undefined index: showdrow 在文件 /var/www/html/xmtables/Home/T_c/838213093583421b5232cf3cded8e4ab9e60a461.file.IndexIndex.html.php 中
2015-05-18 14:25:50 61 行 [8] Trying to get property of non-object 在文件 /var/www/html/xmtables/Home/T_c/838213093583421b5232cf3cded8e4ab9e60a461.file.IndexIndex.html.php 中
2015-05-18 14:25:50 84 行 [8] Undefined index: addht 在文件 /var/www/html/xmtables/Home/T_c/838213093583421b5232cf3cded8e4ab9e60a461.file.IndexIndex.html.php 中
2015-05-18 14:25:50 84 行 [8] Trying to get property of non-object 在文件 /var/www/html/xmtables/Home/T_c/838213093583421b5232cf3cded8e4ab9e60a461.file.IndexIndex.html.php 中
2015-05-18 14:25:50 91 行 [8] Undefined index: drow 在文件 /var/www/html/xmtables/Home/T_c/838213093583421b5232cf3cded8e4ab9e60a461.file.IndexIndex.html.php 中
2015-05-18 14:25:50 91 行 [8] Trying to get property of non-object 在文件 /var/www/html/xmtables/Home/T_c/838213093583421b5232cf3cded8e4ab9e60a461.file.IndexIndex.html.php 中
2015-05-18 14:26:32 43 行 [8] Undefined index: search 在文件 /var/www/html/Speek/Lib/Tpl/sysplugins/smarty_internal_templatebase.php(171) : eval()'d code 中
2015-05-18 14:26:32 43 行 [8] Trying to get property of non-object 在文件 /var/www/html/Speek/Lib/Tpl/sysplugins/smarty_internal_templatebase.php(171) : eval()'d code 中
2015-05-18 14:26:32 61 行 [8] Undefined index: showdrow 在文件 /var/www/html/Speek/Lib/Tpl/sysplugins/smarty_internal_templatebase.php(171) : eval()'d code 中
2015-05-18 14:26:32 61 行 [8] Trying to get property of non-object 在文件 /var/www/html/Speek/Lib/Tpl/sysplugins/smarty_internal_templatebase.php(171) : eval()'d code 中
2015-05-18 14:26:32 84 行 [8] Undefined index: addht 在文件 /var/www/html/Speek/Lib/Tpl/sysplugins/smarty_internal_templatebase.php(171) : eval()'d code 中
2015-05-18 14:26:32 84 行 [8] Trying to get property of non-object 在文件 /var/www/html/Speek/Lib/Tpl/sysplugins/smarty_internal_templatebase.php(171) : eval()'d code 中
2015-05-18 14:26:32 91 行 [8] Undefined index: drow 在文件 /var/www/html/Speek/Lib/Tpl/sysplugins/smarty_internal_templatebase.php(171) : eval()'d code 中
2015-05-18 14:26:32 91 行 [8] Trying to get property of non-object 在文件 /var/www/html/Speek/Lib/Tpl/sysplugins/smarty_internal_templatebase.php(171) : eval()'d code 中
2015-05-18 14:26:32 43 行 [8] Undefined index: search 在文件 /var/www/html/xmtables/Home/T_c/838213093583421b5232cf3cded8e4ab9e60a461.file.IndexIndex.html.php 中
2015-05-18 14:26:32 43 行 [8] Trying to get property of non-object 在文件 /var/www/html/xmtables/Home/T_c/838213093583421b5232cf3cded8e4ab9e60a461.file.IndexIndex.html.php 中
2015-05-18 14:26:32 61 行 [8] Undefined index: showdrow 在文件 /var/www/html/xmtables/Home/T_c/838213093583421b5232cf3cded8e4ab9e60a461.file.IndexIndex.html.php 中
2015-05-18 14:26:32 61 行 [8] Trying to get property of non-object 在文件 /var/www/html/xmtables/Home/T_c/838213093583421b5232cf3cded8e4ab9e60a461.file.IndexIndex.html.php 中
2015-05-18 14:26:32 84 行 [8] Undefined index: addht 在文件 /var/www/html/xmtables/Home/T_c/838213093583421b5232cf3cded8e4ab9e60a461.file.IndexIndex.html.php 中
2015-05-18 14:26:32 84 行 [8] Trying to get property of non-object 在文件 /var/www/html/xmtables/Home/T_c/838213093583421b5232cf3cded8e4ab9e60a461.file.IndexIndex.html.php 中
2015-05-18 14:26:32 91 行 [8] Undefined index: drow 在文件 /var/www/html/xmtables/Home/T_c/838213093583421b5232cf3cded8e4ab9e60a461.file.IndexIndex.html.php 中
2015-05-18 14:26:32 91 行 [8] Trying to get property of non-object 在文件 /var/www/html/xmtables/Home/T_c/838213093583421b5232cf3cded8e4ab9e60a461.file.IndexIndex.html.php 中
2015-05-18 14:26:32 43 行 [8] Undefined index: search 在文件 /var/www/html/xmtables/Home/T_c/838213093583421b5232cf3cded8e4ab9e60a461.file.IndexIndex.html.php 中
2015-05-18 14:26:32 43 行 [8] Trying to get property of non-object 在文件 /var/www/html/xmtables/Home/T_c/838213093583421b5232cf3cded8e4ab9e60a461.file.IndexIndex.html.php 中
2015-05-18 14:26:32 61 行 [8] Undefined index: showdrow 在文件 /var/www/html/xmtables/Home/T_c/838213093583421b5232cf3cded8e4ab9e60a461.file.IndexIndex.html.php 中
2015-05-18 14:26:32 61 行 [8] Trying to get property of non-object 在文件 /var/www/html/xmtables/Home/T_c/838213093583421b5232cf3cded8e4ab9e60a461.file.IndexIndex.html.php 中
2015-05-18 14:26:32 84 行 [8] Undefined index: addht 在文件 /var/www/html/xmtables/Home/T_c/838213093583421b5232cf3cded8e4ab9e60a461.file.IndexIndex.html.php 中
2015-05-18 14:26:32 84 行 [8] Trying to get property of non-object 在文件 /var/www/html/xmtables/Home/T_c/838213093583421b5232cf3cded8e4ab9e60a461.file.IndexIndex.html.php 中
2015-05-18 14:26:32 91 行 [8] Undefined index: drow 在文件 /var/www/html/xmtables/Home/T_c/838213093583421b5232cf3cded8e4ab9e60a461.file.IndexIndex.html.php 中
2015-05-18 14:26:32 91 行 [8] Trying to get property of non-object 在文件 /var/www/html/xmtables/Home/T_c/838213093583421b5232cf3cded8e4ab9e60a461.file.IndexIndex.html.php 中
2015-05-18 14:26:33 43 行 [8] Undefined index: search 在文件 /var/www/html/xmtables/Home/T_c/838213093583421b5232cf3cded8e4ab9e60a461.file.IndexIndex.html.php 中
2015-05-18 14:26:33 43 行 [8] Trying to get property of non-object 在文件 /var/www/html/xmtables/Home/T_c/838213093583421b5232cf3cded8e4ab9e60a461.file.IndexIndex.html.php 中
2015-05-18 14:26:33 61 行 [8] Undefined index: showdrow 在文件 /var/www/html/xmtables/Home/T_c/838213093583421b5232cf3cded8e4ab9e60a461.file.IndexIndex.html.php 中
2015-05-18 14:26:33 61 行 [8] Trying to get property of non-object 在文件 /var/www/html/xmtables/Home/T_c/838213093583421b5232cf3cded8e4ab9e60a461.file.IndexIndex.html.php 中
2015-05-18 14:26:33 84 行 [8] Undefined index: addht 在文件 /var/www/html/xmtables/Home/T_c/838213093583421b5232cf3cded8e4ab9e60a461.file.IndexIndex.html.php 中
2015-05-18 14:26:33 84 行 [8] Trying to get property of non-object 在文件 /var/www/html/xmtables/Home/T_c/838213093583421b5232cf3cded8e4ab9e60a461.file.IndexIndex.html.php 中
2015-05-18 14:26:33 91 行 [8] Undefined index: drow 在文件 /var/www/html/xmtables/Home/T_c/838213093583421b5232cf3cded8e4ab9e60a461.file.IndexIndex.html.php 中
2015-05-18 14:26:33 91 行 [8] Trying to get property of non-object 在文件 /var/www/html/xmtables/Home/T_c/838213093583421b5232cf3cded8e4ab9e60a461.file.IndexIndex.html.php 中
2015-05-18 14:26:48 43 行 [8] Undefined index: search 在文件 /var/www/html/Speek/Lib/Tpl/sysplugins/smarty_internal_templatebase.php(171) : eval()'d code 中
2015-05-18 14:26:48 43 行 [8] Trying to get property of non-object 在文件 /var/www/html/Speek/Lib/Tpl/sysplugins/smarty_internal_templatebase.php(171) : eval()'d code 中
2015-05-18 14:26:48 61 行 [8] Undefined index: showdrow 在文件 /var/www/html/Speek/Lib/Tpl/sysplugins/smarty_internal_templatebase.php(171) : eval()'d code 中
2015-05-18 14:26:48 61 行 [8] Trying to get property of non-object 在文件 /var/www/html/Speek/Lib/Tpl/sysplugins/smarty_internal_templatebase.php(171) : eval()'d code 中
2015-05-18 14:26:48 84 行 [8] Undefined index: addht 在文件 /var/www/html/Speek/Lib/Tpl/sysplugins/smarty_internal_templatebase.php(171) : eval()'d code 中
2015-05-18 14:26:48 84 行 [8] Trying to get property of non-object 在文件 /var/www/html/Speek/Lib/Tpl/sysplugins/smarty_internal_templatebase.php(171) : eval()'d code 中
2015-05-18 14:26:48 91 行 [8] Undefined index: drow 在文件 /var/www/html/Speek/Lib/Tpl/sysplugins/smarty_internal_templatebase.php(171) : eval()'d code 中
2015-05-18 14:26:48 91 行 [8] Trying to get property of non-object 在文件 /var/www/html/Speek/Lib/Tpl/sysplugins/smarty_internal_templatebase.php(171) : eval()'d code 中
2015-05-18 14:26:48 43 行 [8] Undefined index: search 在文件 /var/www/html/xmtables/Home/T_c/838213093583421b5232cf3cded8e4ab9e60a461.file.IndexIndex.html.php 中
2015-05-18 14:26:48 43 行 [8] Trying to get property of non-object 在文件 /var/www/html/xmtables/Home/T_c/838213093583421b5232cf3cded8e4ab9e60a461.file.IndexIndex.html.php 中
2015-05-18 14:26:48 61 行 [8] Undefined index: showdrow 在文件 /var/www/html/xmtables/Home/T_c/838213093583421b5232cf3cded8e4ab9e60a461.file.IndexIndex.html.php 中
2015-05-18 14:26:48 61 行 [8] Trying to get property of non-object 在文件 /var/www/html/xmtables/Home/T_c/838213093583421b5232cf3cded8e4ab9e60a461.file.IndexIndex.html.php 中
2015-05-18 14:26:48 84 行 [8] Undefined index: addht 在文件 /var/www/html/xmtables/Home/T_c/838213093583421b5232cf3cded8e4ab9e60a461.file.IndexIndex.html.php 中
2015-05-18 14:26:48 84 行 [8] Trying to get property of non-object 在文件 /var/www/html/xmtables/Home/T_c/838213093583421b5232cf3cded8e4ab9e60a461.file.IndexIndex.html.php 中
2015-05-18 14:26:48 91 行 [8] Undefined index: drow 在文件 /var/www/html/xmtables/Home/T_c/838213093583421b5232cf3cded8e4ab9e60a461.file.IndexIndex.html.php 中
2015-05-18 14:26:48 91 行 [8] Trying to get property of non-object 在文件 /var/www/html/xmtables/Home/T_c/838213093583421b5232cf3cded8e4ab9e60a461.file.IndexIndex.html.php 中
2015-05-18 14:26:48 43 行 [8] Undefined index: search 在文件 /var/www/html/xmtables/Home/T_c/838213093583421b5232cf3cded8e4ab9e60a461.file.IndexIndex.html.php 中
2015-05-18 14:26:48 43 行 [8] Trying to get property of non-object 在文件 /var/www/html/xmtables/Home/T_c/838213093583421b5232cf3cded8e4ab9e60a461.file.IndexIndex.html.php 中
2015-05-18 14:26:48 61 行 [8] Undefined index: showdrow 在文件 /var/www/html/xmtables/Home/T_c/838213093583421b5232cf3cded8e4ab9e60a461.file.IndexIndex.html.php 中
2015-05-18 14:26:48 61 行 [8] Trying to get property of non-object 在文件 /var/www/html/xmtables/Home/T_c/838213093583421b5232cf3cded8e4ab9e60a461.file.IndexIndex.html.php 中
2015-05-18 14:26:48 84 行 [8] Undefined index: addht 在文件 /var/www/html/xmtables/Home/T_c/838213093583421b5232cf3cded8e4ab9e60a461.file.IndexIndex.html.php 中
2015-05-18 14:26:48 84 行 [8] Trying to get property of non-object 在文件 /var/www/html/xmtables/Home/T_c/838213093583421b5232cf3cded8e4ab9e60a461.file.IndexIndex.html.php 中
2015-05-18 14:26:48 91 行 [8] Undefined index: drow 在文件 /var/www/html/xmtables/Home/T_c/838213093583421b5232cf3cded8e4ab9e60a461.file.IndexIndex.html.php 中
2015-05-18 14:26:48 91 行 [8] Trying to get property of non-object 在文件 /var/www/html/xmtables/Home/T_c/838213093583421b5232cf3cded8e4ab9e60a461.file.IndexIndex.html.php 中
2015-05-18 14:26:48 43 行 [8] Undefined index: search 在文件 /var/www/html/xmtables/Home/T_c/838213093583421b5232cf3cded8e4ab9e60a461.file.IndexIndex.html.php 中
2015-05-18 14:26:48 43 行 [8] Trying to get property of non-object 在文件 /var/www/html/xmtables/Home/T_c/838213093583421b5232cf3cded8e4ab9e60a461.file.IndexIndex.html.php 中
2015-05-18 14:26:48 61 行 [8] Undefined index: showdrow 在文件 /var/www/html/xmtables/Home/T_c/838213093583421b5232cf3cded8e4ab9e60a461.file.IndexIndex.html.php 中
2015-05-18 14:26:48 61 行 [8] Trying to get property of non-object 在文件 /var/www/html/xmtables/Home/T_c/838213093583421b5232cf3cded8e4ab9e60a461.file.IndexIndex.html.php 中
2015-05-18 14:26:48 84 行 [8] Undefined index: addht 在文件 /var/www/html/xmtables/Home/T_c/838213093583421b5232cf3cded8e4ab9e60a461.file.IndexIndex.html.php 中
2015-05-18 14:26:48 84 行 [8] Trying to get property of non-object 在文件 /var/www/html/xmtables/Home/T_c/838213093583421b5232cf3cded8e4ab9e60a461.file.IndexIndex.html.php 中
2015-05-18 14:26:48 91 行 [8] Undefined index: drow 在文件 /var/www/html/xmtables/Home/T_c/838213093583421b5232cf3cded8e4ab9e60a461.file.IndexIndex.html.php 中
2015-05-18 14:26:48 91 行 [8] Trying to get property of non-object 在文件 /var/www/html/xmtables/Home/T_c/838213093583421b5232cf3cded8e4ab9e60a461.file.IndexIndex.html.php 中
2015-05-18 14:26:49 43 行 [8] Undefined index: search 在文件 /var/www/html/xmtables/Home/T_c/838213093583421b5232cf3cded8e4ab9e60a461.file.IndexIndex.html.php 中
2015-05-18 14:26:49 43 行 [8] Trying to get property of non-object 在文件 /var/www/html/xmtables/Home/T_c/838213093583421b5232cf3cded8e4ab9e60a461.file.IndexIndex.html.php 中
2015-05-18 14:26:49 61 行 [8] Undefined index: showdrow 在文件 /var/www/html/xmtables/Home/T_c/838213093583421b5232cf3cded8e4ab9e60a461.file.IndexIndex.html.php 中
2015-05-18 14:26:49 61 行 [8] Trying to get property of non-object 在文件 /var/www/html/xmtables/Home/T_c/838213093583421b5232cf3cded8e4ab9e60a461.file.IndexIndex.html.php 中
2015-05-18 14:26:49 84 行 [8] Undefined index: addht 在文件 /var/www/html/xmtables/Home/T_c/838213093583421b5232cf3cded8e4ab9e60a461.file.IndexIndex.html.php 中
2015-05-18 14:26:49 84 行 [8] Trying to get property of non-object 在文件 /var/www/html/xmtables/Home/T_c/838213093583421b5232cf3cded8e4ab9e60a461.file.IndexIndex.html.php 中
2015-05-18 14:26:49 91 行 [8] Undefined index: drow 在文件 /var/www/html/xmtables/Home/T_c/838213093583421b5232cf3cded8e4ab9e60a461.file.IndexIndex.html.php 中
2015-05-18 14:26:49 91 行 [8] Trying to get property of non-object 在文件 /var/www/html/xmtables/Home/T_c/838213093583421b5232cf3cded8e4ab9e60a461.file.IndexIndex.html.php 中
2015-05-18 14:29:58 46 行 [8] Undefined index: search 在文件 /var/www/html/Speek/Lib/Tpl/sysplugins/smarty_internal_templatebase.php(171) : eval()'d code 中
2015-05-18 14:29:58 46 行 [8] Trying to get property of non-object 在文件 /var/www/html/Speek/Lib/Tpl/sysplugins/smarty_internal_templatebase.php(171) : eval()'d code 中
2015-05-18 14:29:58 64 行 [8] Undefined index: showdrow 在文件 /var/www/html/Speek/Lib/Tpl/sysplugins/smarty_internal_templatebase.php(171) : eval()'d code 中
2015-05-18 14:29:58 64 行 [8] Trying to get property of non-object 在文件 /var/www/html/Speek/Lib/Tpl/sysplugins/smarty_internal_templatebase.php(171) : eval()'d code 中
2015-05-18 14:29:58 87 行 [8] Undefined index: addht 在文件 /var/www/html/Speek/Lib/Tpl/sysplugins/smarty_internal_templatebase.php(171) : eval()'d code 中
2015-05-18 14:29:58 87 行 [8] Trying to get property of non-object 在文件 /var/www/html/Speek/Lib/Tpl/sysplugins/smarty_internal_templatebase.php(171) : eval()'d code 中
2015-05-18 14:29:58 94 行 [8] Undefined index: drow 在文件 /var/www/html/Speek/Lib/Tpl/sysplugins/smarty_internal_templatebase.php(171) : eval()'d code 中
2015-05-18 14:29:58 94 行 [8] Trying to get property of non-object 在文件 /var/www/html/Speek/Lib/Tpl/sysplugins/smarty_internal_templatebase.php(171) : eval()'d code 中
2015-05-18 14:30:15 45 行 [8] Undefined index: search 在文件 /var/www/html/Speek/Lib/Tpl/sysplugins/smarty_internal_templatebase.php(171) : eval()'d code 中
2015-05-18 14:30:15 45 行 [8] Trying to get property of non-object 在文件 /var/www/html/Speek/Lib/Tpl/sysplugins/smarty_internal_templatebase.php(171) : eval()'d code 中
2015-05-18 14:30:15 62 行 [8] Undefined index: showdrow 在文件 /var/www/html/Speek/Lib/Tpl/sysplugins/smarty_internal_templatebase.php(171) : eval()'d code 中
2015-05-18 14:30:15 62 行 [8] Trying to get property of non-object 在文件 /var/www/html/Speek/Lib/Tpl/sysplugins/smarty_internal_templatebase.php(171) : eval()'d code 中
2015-05-18 14:30:15 85 行 [8] Undefined index: addht 在文件 /var/www/html/Speek/Lib/Tpl/sysplugins/smarty_internal_templatebase.php(171) : eval()'d code 中
2015-05-18 14:30:15 85 行 [8] Trying to get property of non-object 在文件 /var/www/html/Speek/Lib/Tpl/sysplugins/smarty_internal_templatebase.php(171) : eval()'d code 中
2015-05-18 14:30:15 92 行 [8] Undefined index: drow 在文件 /var/www/html/Speek/Lib/Tpl/sysplugins/smarty_internal_templatebase.php(171) : eval()'d code 中
2015-05-18 14:30:15 92 行 [8] Trying to get property of non-object 在文件 /var/www/html/Speek/Lib/Tpl/sysplugins/smarty_internal_templatebase.php(171) : eval()'d code 中
2015-05-18 14:30:58 41 行 [8] Undefined index: search 在文件 /var/www/html/Speek/Lib/Tpl/sysplugins/smarty_internal_templatebase.php(171) : eval()'d code 中
2015-05-18 14:30:58 41 行 [8] Trying to get property of non-object 在文件 /var/www/html/Speek/Lib/Tpl/sysplugins/smarty_internal_templatebase.php(171) : eval()'d code 中
2015-05-18 14:30:58 61 行 [8] Undefined index: showdrow 在文件 /var/www/html/Speek/Lib/Tpl/sysplugins/smarty_internal_templatebase.php(171) : eval()'d code 中
2015-05-18 14:30:58 61 行 [8] Trying to get property of non-object 在文件 /var/www/html/Speek/Lib/Tpl/sysplugins/smarty_internal_templatebase.php(171) : eval()'d code 中
2015-05-18 14:30:58 84 行 [8] Undefined index: addht 在文件 /var/www/html/Speek/Lib/Tpl/sysplugins/smarty_internal_templatebase.php(171) : eval()'d code 中
2015-05-18 14:30:58 84 行 [8] Trying to get property of non-object 在文件 /var/www/html/Speek/Lib/Tpl/sysplugins/smarty_internal_templatebase.php(171) : eval()'d code 中
2015-05-18 14:30:58 91 行 [8] Undefined index: drow 在文件 /var/www/html/Speek/Lib/Tpl/sysplugins/smarty_internal_templatebase.php(171) : eval()'d code 中
2015-05-18 14:30:58 91 行 [8] Trying to get property of non-object 在文件 /var/www/html/Speek/Lib/Tpl/sysplugins/smarty_internal_templatebase.php(171) : eval()'d code 中
2015-05-18 14:31:13 41 行 [8] Undefined index: search 在文件 /var/www/html/Speek/Lib/Tpl/sysplugins/smarty_internal_templatebase.php(171) : eval()'d code 中
2015-05-18 14:31:13 41 行 [8] Trying to get property of non-object 在文件 /var/www/html/Speek/Lib/Tpl/sysplugins/smarty_internal_templatebase.php(171) : eval()'d code 中
2015-05-18 14:31:13 60 行 [8] Undefined index: showdrow 在文件 /var/www/html/Speek/Lib/Tpl/sysplugins/smarty_internal_templatebase.php(171) : eval()'d code 中
2015-05-18 14:31:13 60 行 [8] Trying to get property of non-object 在文件 /var/www/html/Speek/Lib/Tpl/sysplugins/smarty_internal_templatebase.php(171) : eval()'d code 中
2015-05-18 14:31:13 83 行 [8] Undefined index: addht 在文件 /var/www/html/Speek/Lib/Tpl/sysplugins/smarty_internal_templatebase.php(171) : eval()'d code 中
2015-05-18 14:31:13 83 行 [8] Trying to get property of non-object 在文件 /var/www/html/Speek/Lib/Tpl/sysplugins/smarty_internal_templatebase.php(171) : eval()'d code 中
2015-05-18 14:31:13 90 行 [8] Undefined index: drow 在文件 /var/www/html/Speek/Lib/Tpl/sysplugins/smarty_internal_templatebase.php(171) : eval()'d code 中
2015-05-18 14:31:13 90 行 [8] Trying to get property of non-object 在文件 /var/www/html/Speek/Lib/Tpl/sysplugins/smarty_internal_templatebase.php(171) : eval()'d code 中
2015-05-18 14:31:14 41 行 [8] Undefined index: search 在文件 /var/www/html/xmtables/Home/T_c/838213093583421b5232cf3cded8e4ab9e60a461.file.IndexIndex.html.php 中
2015-05-18 14:31:14 41 行 [8] Trying to get property of non-object 在文件 /var/www/html/xmtables/Home/T_c/838213093583421b5232cf3cded8e4ab9e60a461.file.IndexIndex.html.php 中
2015-05-18 14:31:14 60 行 [8] Undefined index: showdrow 在文件 /var/www/html/xmtables/Home/T_c/838213093583421b5232cf3cded8e4ab9e60a461.file.IndexIndex.html.php 中
2015-05-18 14:31:14 60 行 [8] Trying to get property of non-object 在文件 /var/www/html/xmtables/Home/T_c/838213093583421b5232cf3cded8e4ab9e60a461.file.IndexIndex.html.php 中
2015-05-18 14:31:14 83 行 [8] Undefined index: addht 在文件 /var/www/html/xmtables/Home/T_c/838213093583421b5232cf3cded8e4ab9e60a461.file.IndexIndex.html.php 中
2015-05-18 14:31:14 83 行 [8] Trying to get property of non-object 在文件 /var/www/html/xmtables/Home/T_c/838213093583421b5232cf3cded8e4ab9e60a461.file.IndexIndex.html.php 中
2015-05-18 14:31:14 90 行 [8] Undefined index: drow 在文件 /var/www/html/xmtables/Home/T_c/838213093583421b5232cf3cded8e4ab9e60a461.file.IndexIndex.html.php 中
2015-05-18 14:31:14 90 行 [8] Trying to get property of non-object 在文件 /var/www/html/xmtables/Home/T_c/838213093583421b5232cf3cded8e4ab9e60a461.file.IndexIndex.html.php 中
2015-05-18 14:31:14 41 行 [8] Undefined index: search 在文件 /var/www/html/xmtables/Home/T_c/838213093583421b5232cf3cded8e4ab9e60a461.file.IndexIndex.html.php 中
2015-05-18 14:31:14 41 行 [8] Trying to get property of non-object 在文件 /var/www/html/xmtables/Home/T_c/838213093583421b5232cf3cded8e4ab9e60a461.file.IndexIndex.html.php 中
2015-05-18 14:31:14 60 行 [8] Undefined index: showdrow 在文件 /var/www/html/xmtables/Home/T_c/838213093583421b5232cf3cded8e4ab9e60a461.file.IndexIndex.html.php 中
2015-05-18 14:31:14 60 行 [8] Trying to get property of non-object 在文件 /var/www/html/xmtables/Home/T_c/838213093583421b5232cf3cded8e4ab9e60a461.file.IndexIndex.html.php 中
2015-05-18 14:31:14 83 行 [8] Undefined index: addht 在文件 /var/www/html/xmtables/Home/T_c/838213093583421b5232cf3cded8e4ab9e60a461.file.IndexIndex.html.php 中
2015-05-18 14:31:14 83 行 [8] Trying to get property of non-object 在文件 /var/www/html/xmtables/Home/T_c/838213093583421b5232cf3cded8e4ab9e60a461.file.IndexIndex.html.php 中
2015-05-18 14:31:14 90 行 [8] Undefined index: drow 在文件 /var/www/html/xmtables/Home/T_c/838213093583421b5232cf3cded8e4ab9e60a461.file.IndexIndex.html.php 中
2015-05-18 14:31:14 90 行 [8] Trying to get property of non-object 在文件 /var/www/html/xmtables/Home/T_c/838213093583421b5232cf3cded8e4ab9e60a461.file.IndexIndex.html.php 中
2015-05-18 14:31:14 41 行 [8] Undefined index: search 在文件 /var/www/html/xmtables/Home/T_c/838213093583421b5232cf3cded8e4ab9e60a461.file.IndexIndex.html.php 中
2015-05-18 14:31:14 41 行 [8] Trying to get property of non-object 在文件 /var/www/html/xmtables/Home/T_c/838213093583421b5232cf3cded8e4ab9e60a461.file.IndexIndex.html.php 中
2015-05-18 14:31:14 60 行 [8] Undefined index: showdrow 在文件 /var/www/html/xmtables/Home/T_c/838213093583421b5232cf3cded8e4ab9e60a461.file.IndexIndex.html.php 中
2015-05-18 14:31:14 60 行 [8] Trying to get property of non-object 在文件 /var/www/html/xmtables/Home/T_c/838213093583421b5232cf3cded8e4ab9e60a461.file.IndexIndex.html.php 中
2015-05-18 14:31:14 83 行 [8] Undefined index: addht 在文件 /var/www/html/xmtables/Home/T_c/838213093583421b5232cf3cded8e4ab9e60a461.file.IndexIndex.html.php 中
2015-05-18 14:31:14 83 行 [8] Trying to get property of non-object 在文件 /var/www/html/xmtables/Home/T_c/838213093583421b5232cf3cded8e4ab9e60a461.file.IndexIndex.html.php 中
2015-05-18 14:31:14 90 行 [8] Undefined index: drow 在文件 /var/www/html/xmtables/Home/T_c/838213093583421b5232cf3cded8e4ab9e60a461.file.IndexIndex.html.php 中
2015-05-18 14:31:14 90 行 [8] Trying to get property of non-object 在文件 /var/www/html/xmtables/Home/T_c/838213093583421b5232cf3cded8e4ab9e60a461.file.IndexIndex.html.php 中
2015-05-18 14:33:15 41 行 [8] Undefined index: search 在文件 /var/www/html/xmtables/Home/T_c/838213093583421b5232cf3cded8e4ab9e60a461.file.IndexIndex.html.php 中
2015-05-18 14:33:15 41 行 [8] Trying to get property of non-object 在文件 /var/www/html/xmtables/Home/T_c/838213093583421b5232cf3cded8e4ab9e60a461.file.IndexIndex.html.php 中
2015-05-18 14:33:15 83 行 [8] Undefined index: addht 在文件 /var/www/html/xmtables/Home/T_c/838213093583421b5232cf3cded8e4ab9e60a461.file.IndexIndex.html.php 中
2015-05-18 14:33:15 83 行 [8] Trying to get property of non-object 在文件 /var/www/html/xmtables/Home/T_c/838213093583421b5232cf3cded8e4ab9e60a461.file.IndexIndex.html.php 中
2015-05-18 14:33:22 161 行 [8] Undefined variable: edit 在文件 /var/www/html/xmtables/Home/C/IndexC.class.php 中
2015-05-18 14:33:29 41 行 [8] Undefined index: search 在文件 /var/www/html/xmtables/Home/T_c/838213093583421b5232cf3cded8e4ab9e60a461.file.IndexIndex.html.php 中
2015-05-18 14:33:29 41 行 [8] Trying to get property of non-object 在文件 /var/www/html/xmtables/Home/T_c/838213093583421b5232cf3cded8e4ab9e60a461.file.IndexIndex.html.php 中
2015-05-18 14:33:29 83 行 [8] Undefined index: addht 在文件 /var/www/html/xmtables/Home/T_c/838213093583421b5232cf3cded8e4ab9e60a461.file.IndexIndex.html.php 中
2015-05-18 14:33:29 83 行 [8] Trying to get property of non-object 在文件 /var/www/html/xmtables/Home/T_c/838213093583421b5232cf3cded8e4ab9e60a461.file.IndexIndex.html.php 中
2015-05-18 14:33:31 161 行 [8] Undefined variable: edit 在文件 /var/www/html/xmtables/Home/C/IndexC.class.php 中
2015-05-18 14:33:31 112 行 [8] Undefined index: kprow 在文件 /var/www/html/xmtables/Home/T_c/382a3c3f3c2e645c1051699cbfc446a13121555d.file.IndexView.html.php 中
2015-05-18 14:33:31 112 行 [8] Trying to get property of non-object 在文件 /var/www/html/xmtables/Home/T_c/382a3c3f3c2e645c1051699cbfc446a13121555d.file.IndexView.html.php 中
2015-05-18 14:33:31 132 行 [8] Undefined index: skrow 在文件 /var/www/html/xmtables/Home/T_c/382a3c3f3c2e645c1051699cbfc446a13121555d.file.IndexView.html.php 中
2015-05-18 14:33:31 132 行 [8] Trying to get property of non-object 在文件 /var/www/html/xmtables/Home/T_c/382a3c3f3c2e645c1051699cbfc446a13121555d.file.IndexView.html.php 中
2015-05-18 14:33:32 41 行 [8] Undefined index: search 在文件 /var/www/html/xmtables/Home/T_c/838213093583421b5232cf3cded8e4ab9e60a461.file.IndexIndex.html.php 中
2015-05-18 14:33:32 41 行 [8] Trying to get property of non-object 在文件 /var/www/html/xmtables/Home/T_c/838213093583421b5232cf3cded8e4ab9e60a461.file.IndexIndex.html.php 中
2015-05-18 14:33:32 83 行 [8] Undefined index: addht 在文件 /var/www/html/xmtables/Home/T_c/838213093583421b5232cf3cded8e4ab9e60a461.file.IndexIndex.html.php 中
2015-05-18 14:33:32 83 行 [8] Trying to get property of non-object 在文件 /var/www/html/xmtables/Home/T_c/838213093583421b5232cf3cded8e4ab9e60a461.file.IndexIndex.html.php 中
2015-05-18 14:33:37 161 行 [8] Undefined variable: edit 在文件 /var/www/html/xmtables/Home/C/IndexC.class.php 中
2015-05-18 14:33:38 41 行 [8] Undefined index: search 在文件 /var/www/html/xmtables/Home/T_c/838213093583421b5232cf3cded8e4ab9e60a461.file.IndexIndex.html.php 中
2015-05-18 14:33:38 41 行 [8] Trying to get property of non-object 在文件 /var/www/html/xmtables/Home/T_c/838213093583421b5232cf3cded8e4ab9e60a461.file.IndexIndex.html.php 中
2015-05-18 14:33:38 83 行 [8] Undefined index: addht 在文件 /var/www/html/xmtables/Home/T_c/838213093583421b5232cf3cded8e4ab9e60a461.file.IndexIndex.html.php 中
2015-05-18 14:33:38 83 行 [8] Trying to get property of non-object 在文件 /var/www/html/xmtables/Home/T_c/838213093583421b5232cf3cded8e4ab9e60a461.file.IndexIndex.html.php 中
2015-05-18 14:33:41 161 行 [8] Undefined variable: edit 在文件 /var/www/html/xmtables/Home/C/IndexC.class.php 中
2015-05-18 14:33:47 161 行 [8] Undefined variable: edit 在文件 /var/www/html/xmtables/Home/C/IndexC.class.php 中
2015-05-18 14:33:49 41 行 [8] Undefined index: search 在文件 /var/www/html/xmtables/Home/T_c/838213093583421b5232cf3cded8e4ab9e60a461.file.IndexIndex.html.php 中
2015-05-18 14:33:49 41 行 [8] Trying to get property of non-object 在文件 /var/www/html/xmtables/Home/T_c/838213093583421b5232cf3cded8e4ab9e60a461.file.IndexIndex.html.php 中
2015-05-18 14:33:49 83 行 [8] Undefined index: addht 在文件 /var/www/html/xmtables/Home/T_c/838213093583421b5232cf3cded8e4ab9e60a461.file.IndexIndex.html.php 中
2015-05-18 14:33:49 83 行 [8] Trying to get property of non-object 在文件 /var/www/html/xmtables/Home/T_c/838213093583421b5232cf3cded8e4ab9e60a461.file.IndexIndex.html.php 中
2015-05-18 14:33:54 41 行 [8] Undefined index: search 在文件 /var/www/html/xmtables/Home/T_c/838213093583421b5232cf3cded8e4ab9e60a461.file.IndexIndex.html.php 中
2015-05-18 14:33:54 41 行 [8] Trying to get property of non-object 在文件 /var/www/html/xmtables/Home/T_c/838213093583421b5232cf3cded8e4ab9e60a461.file.IndexIndex.html.php 中
2015-05-18 14:33:54 83 行 [8] Undefined index: addht 在文件 /var/www/html/xmtables/Home/T_c/838213093583421b5232cf3cded8e4ab9e60a461.file.IndexIndex.html.php 中
2015-05-18 14:33:54 83 行 [8] Trying to get property of non-object 在文件 /var/www/html/xmtables/Home/T_c/838213093583421b5232cf3cded8e4ab9e60a461.file.IndexIndex.html.php 中
2015-05-18 14:33:56 41 行 [8] Undefined index: search 在文件 /var/www/html/xmtables/Home/T_c/838213093583421b5232cf3cded8e4ab9e60a461.file.IndexIndex.html.php 中
2015-05-18 14:33:56 41 行 [8] Trying to get property of non-object 在文件 /var/www/html/xmtables/Home/T_c/838213093583421b5232cf3cded8e4ab9e60a461.file.IndexIndex.html.php 中
2015-05-18 14:33:56 83 行 [8] Undefined index: addht 在文件 /var/www/html/xmtables/Home/T_c/838213093583421b5232cf3cded8e4ab9e60a461.file.IndexIndex.html.php 中
2015-05-18 14:33:56 83 行 [8] Trying to get property of non-object 在文件 /var/www/html/xmtables/Home/T_c/838213093583421b5232cf3cded8e4ab9e60a461.file.IndexIndex.html.php 中
2015-05-18 14:33:57 41 行 [8] Undefined index: search 在文件 /var/www/html/xmtables/Home/T_c/838213093583421b5232cf3cded8e4ab9e60a461.file.IndexIndex.html.php 中
2015-05-18 14:33:57 41 行 [8] Trying to get property of non-object 在文件 /var/www/html/xmtables/Home/T_c/838213093583421b5232cf3cded8e4ab9e60a461.file.IndexIndex.html.php 中
2015-05-18 14:33:57 83 行 [8] Undefined index: addht 在文件 /var/www/html/xmtables/Home/T_c/838213093583421b5232cf3cded8e4ab9e60a461.file.IndexIndex.html.php 中
2015-05-18 14:33:57 83 行 [8] Trying to get property of non-object 在文件 /var/www/html/xmtables/Home/T_c/838213093583421b5232cf3cded8e4ab9e60a461.file.IndexIndex.html.php 中
2015-05-18 14:33:57 41 行 [8] Undefined index: search 在文件 /var/www/html/xmtables/Home/T_c/838213093583421b5232cf3cded8e4ab9e60a461.file.IndexIndex.html.php 中
2015-05-18 14:33:57 41 行 [8] Trying to get property of non-object 在文件 /var/www/html/xmtables/Home/T_c/838213093583421b5232cf3cded8e4ab9e60a461.file.IndexIndex.html.php 中
2015-05-18 14:33:57 83 行 [8] Undefined index: addht 在文件 /var/www/html/xmtables/Home/T_c/838213093583421b5232cf3cded8e4ab9e60a461.file.IndexIndex.html.php 中
2015-05-18 14:33:57 83 行 [8] Trying to get property of non-object 在文件 /var/www/html/xmtables/Home/T_c/838213093583421b5232cf3cded8e4ab9e60a461.file.IndexIndex.html.php 中
2015-05-18 14:33:59 161 行 [8] Undefined variable: edit 在文件 /var/www/html/xmtables/Home/C/IndexC.class.php 中
2015-05-18 14:34:00 41 行 [8] Undefined index: search 在文件 /var/www/html/xmtables/Home/T_c/838213093583421b5232cf3cded8e4ab9e60a461.file.IndexIndex.html.php 中
2015-05-18 14:34:00 41 行 [8] Trying to get property of non-object 在文件 /var/www/html/xmtables/Home/T_c/838213093583421b5232cf3cded8e4ab9e60a461.file.IndexIndex.html.php 中
2015-05-18 14:34:00 83 行 [8] Undefined index: addht 在文件 /var/www/html/xmtables/Home/T_c/838213093583421b5232cf3cded8e4ab9e60a461.file.IndexIndex.html.php 中
2015-05-18 14:34:00 83 行 [8] Trying to get property of non-object 在文件 /var/www/html/xmtables/Home/T_c/838213093583421b5232cf3cded8e4ab9e60a461.file.IndexIndex.html.php 中
2015-05-18 14:34:03 161 行 [8] Undefined variable: edit 在文件 /var/www/html/xmtables/Home/C/IndexC.class.php 中
2015-05-18 14:34:03 112 行 [8] Undefined index: kprow 在文件 /var/www/html/xmtables/Home/T_c/382a3c3f3c2e645c1051699cbfc446a13121555d.file.IndexView.html.php 中
2015-05-18 14:34:03 112 行 [8] Trying to get property of non-object 在文件 /var/www/html/xmtables/Home/T_c/382a3c3f3c2e645c1051699cbfc446a13121555d.file.IndexView.html.php 中
2015-05-18 14:34:03 132 行 [8] Undefined index: skrow 在文件 /var/www/html/xmtables/Home/T_c/382a3c3f3c2e645c1051699cbfc446a13121555d.file.IndexView.html.php 中
2015-05-18 14:34:03 132 行 [8] Trying to get property of non-object 在文件 /var/www/html/xmtables/Home/T_c/382a3c3f3c2e645c1051699cbfc446a13121555d.file.IndexView.html.php 中
2015-05-18 14:34:04 41 行 [8] Undefined index: search 在文件 /var/www/html/xmtables/Home/T_c/838213093583421b5232cf3cded8e4ab9e60a461.file.IndexIndex.html.php 中
2015-05-18 14:34:04 41 行 [8] Trying to get property of non-object 在文件 /var/www/html/xmtables/Home/T_c/838213093583421b5232cf3cded8e4ab9e60a461.file.IndexIndex.html.php 中
2015-05-18 14:34:04 83 行 [8] Undefined index: addht 在文件 /var/www/html/xmtables/Home/T_c/838213093583421b5232cf3cded8e4ab9e60a461.file.IndexIndex.html.php 中
2015-05-18 14:34:04 83 行 [8] Trying to get property of non-object 在文件 /var/www/html/xmtables/Home/T_c/838213093583421b5232cf3cded8e4ab9e60a461.file.IndexIndex.html.php 中
2015-05-18 14:34:06 161 行 [8] Undefined variable: edit 在文件 /var/www/html/xmtables/Home/C/IndexC.class.php 中
2015-05-18 14:34:16 41 行 [8] Undefined index: search 在文件 /var/www/html/xmtables/Home/T_c/838213093583421b5232cf3cded8e4ab9e60a461.file.IndexIndex.html.php 中
2015-05-18 14:34:16 41 行 [8] Trying to get property of non-object 在文件 /var/www/html/xmtables/Home/T_c/838213093583421b5232cf3cded8e4ab9e60a461.file.IndexIndex.html.php 中
2015-05-18 14:34:16 83 行 [8] Undefined index: addht 在文件 /var/www/html/xmtables/Home/T_c/838213093583421b5232cf3cded8e4ab9e60a461.file.IndexIndex.html.php 中
2015-05-18 14:34:16 83 行 [8] Trying to get property of non-object 在文件 /var/www/html/xmtables/Home/T_c/838213093583421b5232cf3cded8e4ab9e60a461.file.IndexIndex.html.php 中
2015-05-18 14:34:18 161 行 [8] Undefined variable: edit 在文件 /var/www/html/xmtables/Home/C/IndexC.class.php 中
2015-05-18 14:34:22 41 行 [8] Undefined index: search 在文件 /var/www/html/xmtables/Home/T_c/838213093583421b5232cf3cded8e4ab9e60a461.file.IndexIndex.html.php 中
2015-05-18 14:34:22 41 行 [8] Trying to get property of non-object 在文件 /var/www/html/xmtables/Home/T_c/838213093583421b5232cf3cded8e4ab9e60a461.file.IndexIndex.html.php 中
2015-05-18 14:34:22 83 行 [8] Undefined index: addht 在文件 /var/www/html/xmtables/Home/T_c/838213093583421b5232cf3cded8e4ab9e60a461.file.IndexIndex.html.php 中
2015-05-18 14:34:22 83 行 [8] Trying to get property of non-object 在文件 /var/www/html/xmtables/Home/T_c/838213093583421b5232cf3cded8e4ab9e60a461.file.IndexIndex.html.php 中
2015-05-18 14:42:17 41 行 [8] Undefined index: search 在文件 /var/www/html/xmtables/Home/T_c/838213093583421b5232cf3cded8e4ab9e60a461.file.IndexIndex.html.php 中
2015-05-18 14:42:17 41 行 [8] Trying to get property of non-object 在文件 /var/www/html/xmtables/Home/T_c/838213093583421b5232cf3cded8e4ab9e60a461.file.IndexIndex.html.php 中
2015-05-18 14:42:17 60 行 [8] Undefined index: showdrow 在文件 /var/www/html/xmtables/Home/T_c/838213093583421b5232cf3cded8e4ab9e60a461.file.IndexIndex.html.php 中
2015-05-18 14:42:17 60 行 [8] Trying to get property of non-object 在文件 /var/www/html/xmtables/Home/T_c/838213093583421b5232cf3cded8e4ab9e60a461.file.IndexIndex.html.php 中
2015-05-18 14:42:17 90 行 [8] Undefined index: drow 在文件 /var/www/html/xmtables/Home/T_c/838213093583421b5232cf3cded8e4ab9e60a461.file.IndexIndex.html.php 中
2015-05-18 14:42:17 90 行 [8] Trying to get property of non-object 在文件 /var/www/html/xmtables/Home/T_c/838213093583421b5232cf3cded8e4ab9e60a461.file.IndexIndex.html.php 中
2015-05-18 14:43:14 41 行 [8] Undefined index: search 在文件 /var/www/html/xmtables/Home/T_c/838213093583421b5232cf3cded8e4ab9e60a461.file.IndexIndex.html.php 中
2015-05-18 14:43:14 41 行 [8] Trying to get property of non-object 在文件 /var/www/html/xmtables/Home/T_c/838213093583421b5232cf3cded8e4ab9e60a461.file.IndexIndex.html.php 中
2015-05-18 14:43:14 60 行 [8] Undefined index: showdrow 在文件 /var/www/html/xmtables/Home/T_c/838213093583421b5232cf3cded8e4ab9e60a461.file.IndexIndex.html.php 中
2015-05-18 14:43:14 60 行 [8] Trying to get property of non-object 在文件 /var/www/html/xmtables/Home/T_c/838213093583421b5232cf3cded8e4ab9e60a461.file.IndexIndex.html.php 中
2015-05-18 14:43:14 90 行 [8] Undefined index: drow 在文件 /var/www/html/xmtables/Home/T_c/838213093583421b5232cf3cded8e4ab9e60a461.file.IndexIndex.html.php 中
2015-05-18 14:43:14 90 行 [8] Trying to get property of non-object 在文件 /var/www/html/xmtables/Home/T_c/838213093583421b5232cf3cded8e4ab9e60a461.file.IndexIndex.html.php 中
2015-05-18 14:43:15 41 行 [8] Undefined index: search 在文件 /var/www/html/xmtables/Home/T_c/838213093583421b5232cf3cded8e4ab9e60a461.file.IndexIndex.html.php 中
2015-05-18 14:43:15 41 行 [8] Trying to get property of non-object 在文件 /var/www/html/xmtables/Home/T_c/838213093583421b5232cf3cded8e4ab9e60a461.file.IndexIndex.html.php 中
2015-05-18 14:43:15 60 行 [8] Undefined index: showdrow 在文件 /var/www/html/xmtables/Home/T_c/838213093583421b5232cf3cded8e4ab9e60a461.file.IndexIndex.html.php 中
2015-05-18 14:43:15 60 行 [8] Trying to get property of non-object 在文件 /var/www/html/xmtables/Home/T_c/838213093583421b5232cf3cded8e4ab9e60a461.file.IndexIndex.html.php 中
2015-05-18 14:43:15 90 行 [8] Undefined index: drow 在文件 /var/www/html/xmtables/Home/T_c/838213093583421b5232cf3cded8e4ab9e60a461.file.IndexIndex.html.php 中
2015-05-18 14:43:15 90 行 [8] Trying to get property of non-object 在文件 /var/www/html/xmtables/Home/T_c/838213093583421b5232cf3cded8e4ab9e60a461.file.IndexIndex.html.php 中
2015-05-18 14:45:43 70 行 [8] Undefined variable: search 在文件 /var/www/html/xmtables/Home/C/IndexC.class.php 中
2015-05-18 14:45:43 60 行 [8] Undefined index: showdrow 在文件 /var/www/html/xmtables/Home/T_c/838213093583421b5232cf3cded8e4ab9e60a461.file.IndexIndex.html.php 中
2015-05-18 14:45:43 60 行 [8] Trying to get property of non-object 在文件 /var/www/html/xmtables/Home/T_c/838213093583421b5232cf3cded8e4ab9e60a461.file.IndexIndex.html.php 中
2015-05-18 14:45:43 90 行 [8] Undefined index: drow 在文件 /var/www/html/xmtables/Home/T_c/838213093583421b5232cf3cded8e4ab9e60a461.file.IndexIndex.html.php 中
2015-05-18 14:45:43 90 行 [8] Trying to get property of non-object 在文件 /var/www/html/xmtables/Home/T_c/838213093583421b5232cf3cded8e4ab9e60a461.file.IndexIndex.html.php 中
2015-05-18 14:47:04 70 行 [8] Undefined property: IndexC::$search 在文件 /var/www/html/xmtables/Home/C/IndexC.class.php 中
2015-05-18 14:47:04 60 行 [8] Undefined index: showdrow 在文件 /var/www/html/xmtables/Home/T_c/838213093583421b5232cf3cded8e4ab9e60a461.file.IndexIndex.html.php 中
2015-05-18 14:47:04 60 行 [8] Trying to get property of non-object 在文件 /var/www/html/xmtables/Home/T_c/838213093583421b5232cf3cded8e4ab9e60a461.file.IndexIndex.html.php 中
2015-05-18 14:47:04 90 行 [8] Undefined index: drow 在文件 /var/www/html/xmtables/Home/T_c/838213093583421b5232cf3cded8e4ab9e60a461.file.IndexIndex.html.php 中
2015-05-18 14:47:04 90 行 [8] Trying to get property of non-object 在文件 /var/www/html/xmtables/Home/T_c/838213093583421b5232cf3cded8e4ab9e60a461.file.IndexIndex.html.php 中
2015-05-18 14:47:05 70 行 [8] Undefined property: IndexC::$search 在文件 /var/www/html/xmtables/Home/C/IndexC.class.php 中
2015-05-18 14:47:05 60 行 [8] Undefined index: showdrow 在文件 /var/www/html/xmtables/Home/T_c/838213093583421b5232cf3cded8e4ab9e60a461.file.IndexIndex.html.php 中
2015-05-18 14:47:05 60 行 [8] Trying to get property of non-object 在文件 /var/www/html/xmtables/Home/T_c/838213093583421b5232cf3cded8e4ab9e60a461.file.IndexIndex.html.php 中
2015-05-18 14:47:05 90 行 [8] Undefined index: drow 在文件 /var/www/html/xmtables/Home/T_c/838213093583421b5232cf3cded8e4ab9e60a461.file.IndexIndex.html.php 中
2015-05-18 14:47:05 90 行 [8] Trying to get property of non-object 在文件 /var/www/html/xmtables/Home/T_c/838213093583421b5232cf3cded8e4ab9e60a461.file.IndexIndex.html.php 中
2015-05-18 14:48:18 60 行 [8] Undefined index: showdrow 在文件 /var/www/html/xmtables/Home/T_c/838213093583421b5232cf3cded8e4ab9e60a461.file.IndexIndex.html.php 中
2015-05-18 14:48:18 60 行 [8] Trying to get property of non-object 在文件 /var/www/html/xmtables/Home/T_c/838213093583421b5232cf3cded8e4ab9e60a461.file.IndexIndex.html.php 中
2015-05-18 14:48:18 90 行 [8] Undefined index: drow 在文件 /var/www/html/xmtables/Home/T_c/838213093583421b5232cf3cded8e4ab9e60a461.file.IndexIndex.html.php 中
2015-05-18 14:48:18 90 行 [8] Trying to get property of non-object 在文件 /var/www/html/xmtables/Home/T_c/838213093583421b5232cf3cded8e4ab9e60a461.file.IndexIndex.html.php 中
2015-05-18 14:48:20 60 行 [8] Undefined index: showdrow 在文件 /var/www/html/xmtables/Home/T_c/838213093583421b5232cf3cded8e4ab9e60a461.file.IndexIndex.html.php 中
2015-05-18 14:48:20 60 行 [8] Trying to get property of non-object 在文件 /var/www/html/xmtables/Home/T_c/838213093583421b5232cf3cded8e4ab9e60a461.file.IndexIndex.html.php 中
2015-05-18 14:48:20 90 行 [8] Undefined index: drow 在文件 /var/www/html/xmtables/Home/T_c/838213093583421b5232cf3cded8e4ab9e60a461.file.IndexIndex.html.php 中
2015-05-18 14:48:20 90 行 [8] Trying to get property of non-object 在文件 /var/www/html/xmtables/Home/T_c/838213093583421b5232cf3cded8e4ab9e60a461.file.IndexIndex.html.php 中
2015-05-18 14:50:21 60 行 [8] Undefined index: showdrow 在文件 /var/www/html/xmtables/Home/T_c/838213093583421b5232cf3cded8e4ab9e60a461.file.IndexIndex.html.php 中
2015-05-18 14:50:21 60 行 [8] Trying to get property of non-object 在文件 /var/www/html/xmtables/Home/T_c/838213093583421b5232cf3cded8e4ab9e60a461.file.IndexIndex.html.php 中
2015-05-18 14:50:21 90 行 [8] Undefined index: drow 在文件 /var/www/html/xmtables/Home/T_c/838213093583421b5232cf3cded8e4ab9e60a461.file.IndexIndex.html.php 中
2015-05-18 14:50:21 90 行 [8] Trying to get property of non-object 在文件 /var/www/html/xmtables/Home/T_c/838213093583421b5232cf3cded8e4ab9e60a461.file.IndexIndex.html.php 中
2015-05-18 14:50:22 60 行 [8] Undefined index: showdrow 在文件 /var/www/html/xmtables/Home/T_c/838213093583421b5232cf3cded8e4ab9e60a461.file.IndexIndex.html.php 中
2015-05-18 14:50:22 60 行 [8] Trying to get property of non-object 在文件 /var/www/html/xmtables/Home/T_c/838213093583421b5232cf3cded8e4ab9e60a461.file.IndexIndex.html.php 中
2015-05-18 14:50:22 90 行 [8] Undefined index: drow 在文件 /var/www/html/xmtables/Home/T_c/838213093583421b5232cf3cded8e4ab9e60a461.file.IndexIndex.html.php 中
2015-05-18 14:50:22 90 行 [8] Trying to get property of non-object 在文件 /var/www/html/xmtables/Home/T_c/838213093583421b5232cf3cded8e4ab9e60a461.file.IndexIndex.html.php 中
2015-05-18 14:51:50 60 行 [8] Undefined index: showdrow 在文件 /var/www/html/xmtables/Home/T_c/838213093583421b5232cf3cded8e4ab9e60a461.file.IndexIndex.html.php 中
2015-05-18 14:51:50 60 行 [8] Trying to get property of non-object 在文件 /var/www/html/xmtables/Home/T_c/838213093583421b5232cf3cded8e4ab9e60a461.file.IndexIndex.html.php 中
2015-05-18 14:51:50 90 行 [8] Undefined index: drow 在文件 /var/www/html/xmtables/Home/T_c/838213093583421b5232cf3cded8e4ab9e60a461.file.IndexIndex.html.php 中
2015-05-18 14:51:50 90 行 [8] Trying to get property of non-object 在文件 /var/www/html/xmtables/Home/T_c/838213093583421b5232cf3cded8e4ab9e60a461.file.IndexIndex.html.php 中
2015-05-18 14:51:51 60 行 [8] Undefined index: showdrow 在文件 /var/www/html/xmtables/Home/T_c/838213093583421b5232cf3cded8e4ab9e60a461.file.IndexIndex.html.php 中
2015-05-18 14:51:51 60 行 [8] Trying to get property of non-object 在文件 /var/www/html/xmtables/Home/T_c/838213093583421b5232cf3cded8e4ab9e60a461.file.IndexIndex.html.php 中
2015-05-18 14:51:51 90 行 [8] Undefined index: drow 在文件 /var/www/html/xmtables/Home/T_c/838213093583421b5232cf3cded8e4ab9e60a461.file.IndexIndex.html.php 中
2015-05-18 14:51:51 90 行 [8] Trying to get property of non-object 在文件 /var/www/html/xmtables/Home/T_c/838213093583421b5232cf3cded8e4ab9e60a461.file.IndexIndex.html.php 中
2015-05-18 14:55:36 96 行 [2] Illegal string offset 'id' 在文件 /var/www/html/xmtables/Home/T_c/838213093583421b5232cf3cded8e4ab9e60a461.file.IndexIndex.html.php 中
2015-05-18 14:55:36 96 行 [8] Uninitialized string offset: 0 在文件 /var/www/html/xmtables/Home/T_c/838213093583421b5232cf3cded8e4ab9e60a461.file.IndexIndex.html.php 中
2015-05-18 14:55:36 97 行 [2] Illegal string offset 'customer_a' 在文件 /var/www/html/xmtables/Home/T_c/838213093583421b5232cf3cded8e4ab9e60a461.file.IndexIndex.html.php 中
2015-05-18 14:55:36 97 行 [8] Uninitialized string offset: 0 在文件 /var/www/html/xmtables/Home/T_c/838213093583421b5232cf3cded8e4ab9e60a461.file.IndexIndex.html.php 中
2015-05-18 14:55:36 98 行 [2] Illegal string offset 'customer_b' 在文件 /var/www/html/xmtables/Home/T_c/838213093583421b5232cf3cded8e4ab9e60a461.file.IndexIndex.html.php 中
2015-05-18 14:55:36 98 行 [8] Uninitialized string offset: 0 在文件 /var/www/html/xmtables/Home/T_c/838213093583421b5232cf3cded8e4ab9e60a461.file.IndexIndex.html.php 中
2015-05-18 14:55:36 99 行 [2] Illegal string offset 'cnum' 在文件 /var/www/html/xmtables/Home/T_c/838213093583421b5232cf3cded8e4ab9e60a461.file.IndexIndex.html.php 中
2015-05-18 14:55:36 99 行 [8] Uninitialized string offset: 0 在文件 /var/www/html/xmtables/Home/T_c/838213093583421b5232cf3cded8e4ab9e60a461.file.IndexIndex.html.php 中
2015-05-18 14:55:36 100 行 [2] Illegal string offset 'subdate' 在文件 /var/www/html/xmtables/Home/T_c/838213093583421b5232cf3cded8e4ab9e60a461.file.IndexIndex.html.php 中
2015-05-18 14:55:36 100 行 [8] Uninitialized string offset: 0 在文件 /var/www/html/xmtables/Home/T_c/838213093583421b5232cf3cded8e4ab9e60a461.file.IndexIndex.html.php 中
2015-05-18 14:55:37 96 行 [2] Illegal string offset 'id' 在文件 /var/www/html/xmtables/Home/T_c/838213093583421b5232cf3cded8e4ab9e60a461.file.IndexIndex.html.php 中
2015-05-18 14:55:37 96 行 [8] Uninitialized string offset: 0 在文件 /var/www/html/xmtables/Home/T_c/838213093583421b5232cf3cded8e4ab9e60a461.file.IndexIndex.html.php 中
2015-05-18 14:55:37 97 行 [2] Illegal string offset 'customer_a' 在文件 /var/www/html/xmtables/Home/T_c/838213093583421b5232cf3cded8e4ab9e60a461.file.IndexIndex.html.php 中
2015-05-18 14:55:37 97 行 [8] Uninitialized string offset: 0 在文件 /var/www/html/xmtables/Home/T_c/838213093583421b5232cf3cded8e4ab9e60a461.file.IndexIndex.html.php 中
2015-05-18 14:55:37 98 行 [2] Illegal string offset 'customer_b' 在文件 /var/www/html/xmtables/Home/T_c/838213093583421b5232cf3cded8e4ab9e60a461.file.IndexIndex.html.php 中
2015-05-18 14:55:37 98 行 [8] Uninitialized string offset: 0 在文件 /var/www/html/xmtables/Home/T_c/838213093583421b5232cf3cded8e4ab9e60a461.file.IndexIndex.html.php 中
2015-05-18 14:55:37 99 行 [2] Illegal string offset 'cnum' 在文件 /var/www/html/xmtables/Home/T_c/838213093583421b5232cf3cded8e4ab9e60a461.file.IndexIndex.html.php 中
2015-05-18 14:55:37 99 行 [8] Uninitialized string offset: 0 在文件 /var/www/html/xmtables/Home/T_c/838213093583421b5232cf3cded8e4ab9e60a461.file.IndexIndex.html.php 中
2015-05-18 14:55:37 100 行 [2] Illegal string offset 'subdate' 在文件 /var/www/html/xmtables/Home/T_c/838213093583421b5232cf3cded8e4ab9e60a461.file.IndexIndex.html.php 中
2015-05-18 14:55:37 100 行 [8] Uninitialized string offset: 0 在文件 /var/www/html/xmtables/Home/T_c/838213093583421b5232cf3cded8e4ab9e60a461.file.IndexIndex.html.php 中
2015-05-18 14:55:37 96 行 [2] Illegal string offset 'id' 在文件 /var/www/html/xmtables/Home/T_c/838213093583421b5232cf3cded8e4ab9e60a461.file.IndexIndex.html.php 中
2015-05-18 14:55:37 96 行 [8] Uninitialized string offset: 0 在文件 /var/www/html/xmtables/Home/T_c/838213093583421b5232cf3cded8e4ab9e60a461.file.IndexIndex.html.php 中
2015-05-18 14:55:37 97 行 [2] Illegal string offset 'customer_a' 在文件 /var/www/html/xmtables/Home/T_c/838213093583421b5232cf3cded8e4ab9e60a461.file.IndexIndex.html.php 中
2015-05-18 14:55:37 97 行 [8] Uninitialized string offset: 0 在文件 /var/www/html/xmtables/Home/T_c/838213093583421b5232cf3cded8e4ab9e60a461.file.IndexIndex.html.php 中
2015-05-18 14:55:37 98 行 [2] Illegal string offset 'customer_b' 在文件 /var/www/html/xmtables/Home/T_c/838213093583421b5232cf3cded8e4ab9e60a461.file.IndexIndex.html.php 中
2015-05-18 14:55:37 98 行 [8] Uninitialized string offset: 0 在文件 /var/www/html/xmtables/Home/T_c/838213093583421b5232cf3cded8e4ab9e60a461.file.IndexIndex.html.php 中
2015-05-18 14:55:37 99 行 [2] Illegal string offset 'cnum' 在文件 /var/www/html/xmtables/Home/T_c/838213093583421b5232cf3cded8e4ab9e60a461.file.IndexIndex.html.php 中
2015-05-18 14:55:37 99 行 [8] Uninitialized string offset: 0 在文件 /var/www/html/xmtables/Home/T_c/838213093583421b5232cf3cded8e4ab9e60a461.file.IndexIndex.html.php 中
2015-05-18 14:55:37 100 行 [2] Illegal string offset 'subdate' 在文件 /var/www/html/xmtables/Home/T_c/838213093583421b5232cf3cded8e4ab9e60a461.file.IndexIndex.html.php 中
2015-05-18 14:55:37 100 行 [8] Uninitialized string offset: 0 在文件 /var/www/html/xmtables/Home/T_c/838213093583421b5232cf3cded8e4ab9e60a461.file.IndexIndex.html.php 中
2015-05-18 14:55:38 112 行 [8] Undefined index: kprow 在文件 /var/www/html/xmtables/Home/T_c/382a3c3f3c2e645c1051699cbfc446a13121555d.file.IndexView.html.php 中
2015-05-18 14:55:38 112 行 [8] Trying to get property of non-object 在文件 /var/www/html/xmtables/Home/T_c/382a3c3f3c2e645c1051699cbfc446a13121555d.file.IndexView.html.php 中
2015-05-18 14:55:38 132 行 [8] Undefined index: skrow 在文件 /var/www/html/xmtables/Home/T_c/382a3c3f3c2e645c1051699cbfc446a13121555d.file.IndexView.html.php 中
2015-05-18 14:55:38 132 行 [8] Trying to get property of non-object 在文件 /var/www/html/xmtables/Home/T_c/382a3c3f3c2e645c1051699cbfc446a13121555d.file.IndexView.html.php 中
2015-05-18 14:55:40 96 行 [2] Illegal string offset 'id' 在文件 /var/www/html/xmtables/Home/T_c/838213093583421b5232cf3cded8e4ab9e60a461.file.IndexIndex.html.php 中
2015-05-18 14:55:40 96 行 [8] Uninitialized string offset: 0 在文件 /var/www/html/xmtables/Home/T_c/838213093583421b5232cf3cded8e4ab9e60a461.file.IndexIndex.html.php 中
2015-05-18 14:55:40 97 行 [2] Illegal string offset 'customer_a' 在文件 /var/www/html/xmtables/Home/T_c/838213093583421b5232cf3cded8e4ab9e60a461.file.IndexIndex.html.php 中
2015-05-18 14:55:40 97 行 [8] Uninitialized string offset: 0 在文件 /var/www/html/xmtables/Home/T_c/838213093583421b5232cf3cded8e4ab9e60a461.file.IndexIndex.html.php 中
2015-05-18 14:55:40 98 行 [2] Illegal string offset 'customer_b' 在文件 /var/www/html/xmtables/Home/T_c/838213093583421b5232cf3cded8e4ab9e60a461.file.IndexIndex.html.php 中
2015-05-18 14:55:40 98 行 [8] Uninitialized string offset: 0 在文件 /var/www/html/xmtables/Home/T_c/838213093583421b5232cf3cded8e4ab9e60a461.file.IndexIndex.html.php 中
2015-05-18 14:55:40 99 行 [2] Illegal string offset 'cnum' 在文件 /var/www/html/xmtables/Home/T_c/838213093583421b5232cf3cded8e4ab9e60a461.file.IndexIndex.html.php 中
2015-05-18 14:55:40 99 行 [8] Uninitialized string offset: 0 在文件 /var/www/html/xmtables/Home/T_c/838213093583421b5232cf3cded8e4ab9e60a461.file.IndexIndex.html.php 中
2015-05-18 14:55:40 100 行 [2] Illegal string offset 'subdate' 在文件 /var/www/html/xmtables/Home/T_c/838213093583421b5232cf3cded8e4ab9e60a461.file.IndexIndex.html.php 中
2015-05-18 14:55:40 100 行 [8] Uninitialized string offset: 0 在文件 /var/www/html/xmtables/Home/T_c/838213093583421b5232cf3cded8e4ab9e60a461.file.IndexIndex.html.php 中
2015-05-18 14:57:50 96 行 [2] Illegal string offset 'id' 在文件 /var/www/html/xmtables/Home/T_c/838213093583421b5232cf3cded8e4ab9e60a461.file.IndexIndex.html.php 中
2015-05-18 14:57:50 96 行 [8] Uninitialized string offset: 0 在文件 /var/www/html/xmtables/Home/T_c/838213093583421b5232cf3cded8e4ab9e60a461.file.IndexIndex.html.php 中
2015-05-18 14:57:50 97 行 [2] Illegal string offset 'customer_a' 在文件 /var/www/html/xmtables/Home/T_c/838213093583421b5232cf3cded8e4ab9e60a461.file.IndexIndex.html.php 中
2015-05-18 14:57:50 97 行 [8] Uninitialized string offset: 0 在文件 /var/www/html/xmtables/Home/T_c/838213093583421b5232cf3cded8e4ab9e60a461.file.IndexIndex.html.php 中
2015-05-18 14:57:50 98 行 [2] Illegal string offset 'customer_b' 在文件 /var/www/html/xmtables/Home/T_c/838213093583421b5232cf3cded8e4ab9e60a461.file.IndexIndex.html.php 中
2015-05-18 14:57:50 98 行 [8] Uninitialized string offset: 0 在文件 /var/www/html/xmtables/Home/T_c/838213093583421b5232cf3cded8e4ab9e60a461.file.IndexIndex.html.php 中
2015-05-18 14:57:50 99 行 [2] Illegal string offset 'cnum' 在文件 /var/www/html/xmtables/Home/T_c/838213093583421b5232cf3cded8e4ab9e60a461.file.IndexIndex.html.php 中
2015-05-18 14:57:50 99 行 [8] Uninitialized string offset: 0 在文件 /var/www/html/xmtables/Home/T_c/838213093583421b5232cf3cded8e4ab9e60a461.file.IndexIndex.html.php 中
2015-05-18 14:57:50 100 行 [2] Illegal string offset 'subdate' 在文件 /var/www/html/xmtables/Home/T_c/838213093583421b5232cf3cded8e4ab9e60a461.file.IndexIndex.html.php 中
2015-05-18 14:57:50 100 行 [8] Uninitialized string offset: 0 在文件 /var/www/html/xmtables/Home/T_c/838213093583421b5232cf3cded8e4ab9e60a461.file.IndexIndex.html.php 中
2015-05-18 14:57:51 112 行 [8] Undefined index: kprow 在文件 /var/www/html/xmtables/Home/T_c/382a3c3f3c2e645c1051699cbfc446a13121555d.file.IndexView.html.php 中
2015-05-18 14:57:51 112 行 [8] Trying to get property of non-object 在文件 /var/www/html/xmtables/Home/T_c/382a3c3f3c2e645c1051699cbfc446a13121555d.file.IndexView.html.php 中
2015-05-18 14:57:51 132 行 [8] Undefined index: skrow 在文件 /var/www/html/xmtables/Home/T_c/382a3c3f3c2e645c1051699cbfc446a13121555d.file.IndexView.html.php 中
2015-05-18 14:57:51 132 行 [8] Trying to get property of non-object 在文件 /var/www/html/xmtables/Home/T_c/382a3c3f3c2e645c1051699cbfc446a13121555d.file.IndexView.html.php 中
2015-05-18 15:01:20 112 行 [8] Undefined index: kprow 在文件 /var/www/html/xmtables/Home/T_c/382a3c3f3c2e645c1051699cbfc446a13121555d.file.IndexView.html.php 中
2015-05-18 15:01:20 112 行 [8] Trying to get property of non-object 在文件 /var/www/html/xmtables/Home/T_c/382a3c3f3c2e645c1051699cbfc446a13121555d.file.IndexView.html.php 中
2015-05-18 15:01:20 132 行 [8] Undefined index: skrow 在文件 /var/www/html/xmtables/Home/T_c/382a3c3f3c2e645c1051699cbfc446a13121555d.file.IndexView.html.php 中
2015-05-18 15:01:20 132 行 [8] Trying to get property of non-object 在文件 /var/www/html/xmtables/Home/T_c/382a3c3f3c2e645c1051699cbfc446a13121555d.file.IndexView.html.php 中
